[    0.000000] Initializing cgroup subsys cpuset
[    0.000000] Initializing cgroup subsys cpu
[    0.000000] Initializing cgroup subsys cpuacct
[    0.000000] Linux version 4.4.0-177-generic (buildd@lgw01-amd64-035) (gcc version 5.4.0 20160609 (Ubuntu 5.4.0-6ubuntu1~16.04.12) ) #207-Ubuntu SMP Mon Mar 16 01:16:10 UTC 2020 (Ubuntu 4.4.0-177.207-generic 4.4.214)
[    0.000000] Command line: BOOT_IMAGE=/boot/vmlinuz-4.4.0-177-generic root=LABEL=cloudimg-rootfs ro console=tty1 console=ttyS0
[    0.000000] KERNEL supported cpus:
[    0.000000]   Intel GenuineIntel
[    0.000000]   AMD AuthenticAMD
[    0.000000]   Centaur CentaurHauls
[    0.000000] x86/fpu: xstate_offset[2]:  576, xstate_sizes[2]:  256
[    0.000000] x86/fpu: Supporting XSAVE feature 0x01: 'x87 floating point registers'
[    0.000000] x86/fpu: Supporting XSAVE feature 0x02: 'SSE registers'
[    0.000000] x86/fpu: Supporting XSAVE feature 0x04: 'AVX registers'
[    0.000000] x86/fpu: Enabled xstate features 0x7, context size is 832 bytes, using 'standard' format.
[    0.000000] e820: BIOS-provided physical RAM map:
[    0.000000] BIOS-e820: [mem 0x0000000000000000-0x000000000009fbff] usable
[    0.000000] BIOS-e820: [mem 0x000000000009fc00-0x000000000009ffff] reserved
[    0.000000] BIOS-e820: [mem 0x00000000000f0000-0x00000000000fffff] reserved
[    0.000000] BIOS-e820: [mem 0x0000000000100000-0x000000001ffeffff] usable
[    0.000000] BIOS-e820: [mem 0x000000001fff0000-0x000000001fffffff] ACPI data
[    0.000000] BIOS-e820: [mem 0x00000000fec00000-0x00000000fec00fff] reserved
[    0.000000] BIOS-e820: [mem 0x00000000fee00000-0x00000000fee00fff] reserved
[    0.000000] BIOS-e820: [mem 0x00000000fffc0000-0x00000000ffffffff] reserved
[    0.000000] NX (Execute Disable) protection: active
[    0.000000] SMBIOS 2.5 present.
[    0.000000] Hypervisor detected: KVM
[    0.000000] e820: last_pfn = 0x1fff0 max_arch_pfn = 0x400000000
[    0.000000] MTRR: Disabled
[    0.000000] x86/PAT: MTRRs disabled, skipping PAT initialization too.
[    0.000000] CPU MTRRs all blank - virtualized system.
[    0.000000] x86/PAT: Configuration [0-7]: WB  WT  UC- UC  WB  WT  UC- UC  
[    0.000000] found SMP MP-table at [mem 0x0009fff0-0x0009ffff] mapped at [ffff88000009fff0]
[    0.000000] Scanning 1 areas for low memory corruption
[    0.000000] RAMDISK: [mem 0x1e8b0000-0x1f736fff]
[    0.000000] ACPI: Early table checksum verification disabled
[    0.000000] ACPI: RSDP 0x00000000000E0000 000024 (v02 VBOX  )
[    0.000000] ACPI: XSDT 0x000000001FFF0030 00003C (v01 VBOX   VBOXXSDT 00000001 ASL  00000061)
[    0.000000] ACPI: FACP 0x000000001FFF00F0 0000F4 (v04 VBOX   VBOXFACP 00000001 ASL  00000061)
[    0.000000] ACPI: DSDT 0x000000001FFF0470 0021FF (v02 VBOX   VBOXBIOS 00000002 INTL 20160108)
[    0.000000] ACPI: FACS 0x000000001FFF0200 000040
[    0.000000] ACPI: FACS 0x000000001FFF0200 000040
[    0.000000] ACPI: APIC 0x000000001FFF0240 00005C (v02 VBOX   VBOXAPIC 00000001 ASL  00000061)
[    0.000000] ACPI: SSDT 0x000000001FFF02A0 0001CC (v01 VBOX   VBOXCPUT 00000002 INTL 20160108)
[    0.000000] No NUMA configuration found
[    0.000000] Faking a node at [mem 0x0000000000000000-0x000000001ffeffff]
[    0.000000] NODE_DATA(0) allocated [mem 0x1ffeb000-0x1ffeffff]
[    0.000000] kvm-clock: Using msrs 4b564d01 and 4b564d00
[    0.000000] kvm-clock: cpu 0, msr 0:1ffe3001, primary cpu clock
[    0.000000] kvm-clock: using sched offset of 6304095193 cycles
[    0.000000] clocksource: kvm-clock: mask: 0xffffffffffffffff max_cycles: 0x1cd42e4dffb, max_idle_ns: 881590591483 ns
[    0.000000] Zone ranges:
[    0.000000]   DMA      [mem 0x0000000000001000-0x0000000000ffffff]
[    0.000000]   DMA32    [mem 0x0000000001000000-0x000000001ffeffff]
[    0.000000]   Normal   empty
[    0.000000]   Device   empty
[    0.000000] Movable zone start for each node
[    0.000000] Early memory node ranges
[    0.000000]   node   0: [mem 0x0000000000001000-0x000000000009efff]
[    0.000000]   node   0: [mem 0x0000000000100000-0x000000001ffeffff]
[    0.000000] Initmem setup node 0 [mem 0x0000000000001000-0x000000001ffeffff]
[    0.000000] ACPI: PM-Timer IO Port: 0x4008
[    0.000000] IOAPIC[0]: apic_id 2, version 32, address 0xfec00000, GSI 0-23
[    0.000000] ACPI: INT_SRC_OVR (bus 0 bus_irq 0 global_irq 2 dfl dfl)
[    0.000000] ACPI: INT_SRC_OVR (bus 0 bus_irq 9 global_irq 9 low level)
[    0.000000] Using ACPI (MADT) for SMP configuration information
[    0.000000] smpboot: Allowing 2 CPUs, 0 hotplug CPUs
[    0.000000] PM: Registered nosave memory: [mem 0x00000000-0x00000fff]
[    0.000000] PM: Registered nosave memory: [mem 0x0009f000-0x0009ffff]
[    0.000000] PM: Registered nosave memory: [mem 0x000a0000-0x000effff]
[    0.000000] PM: Registered nosave memory: [mem 0x000f0000-0x000fffff]
[    0.000000] e820: [mem 0x20000000-0xfebfffff] available for PCI devices
[    0.000000] Booting paravirtualized kernel on KVM
[    0.000000] clocksource: refined-jiffies: mask: 0xffffffff max_cycles: 0xffffffff, max_idle_ns: 7645519600211568 ns
[    0.000000] setup_percpu: NR_CPUS:512 nr_cpumask_bits:512 nr_cpu_ids:2 nr_node_ids:1
[    0.000000] PERCPU: Embedded 33 pages/cpu @ffff88001fc00000 s95448 r8192 d31528 u1048576
[    0.000000] Built 1 zonelists in Node order, mobility grouping on.  Total pages: 128888
[    0.000000] Policy zone: DMA32
[    0.000000] Kernel command line: BOOT_IMAGE=/boot/vmlinuz-4.4.0-177-generic root=LABEL=cloudimg-rootfs ro console=tty1 console=ttyS0
[    0.000000] PID hash table entries: 2048 (order: 2, 16384 bytes)
[    0.000000] Memory: 481596K/523832K available (8626K kernel code, 1336K rwdata, 4036K rodata, 1488K init, 1292K bss, 42236K reserved, 0K cma-reserved)
[    0.000000] SLUB: HWalign=64, Order=0-3, MinObjects=0, CPUs=2, Nodes=1
[    0.000000] Kernel/User page tables isolation: enabled
[    0.000000] Hierarchical RCU implementation.
[    0.000000] 	Build-time adjustment of leaf fanout to 64.
[    0.000000] 	RCU restricting CPUs from NR_CPUS=512 to nr_cpu_ids=2.
[    0.000000] RCU: Adjusting geometry for rcu_fanout_leaf=64, nr_cpu_ids=2
[    0.000000] NR_IRQS:33024 nr_irqs:440 16
[    0.000000] Console: colour VGA+ 80x25
[    0.000000] console [tty1] enabled
[    0.000000] console [ttyS0] enabled
[    0.000000] tsc: Detected 3695.996 MHz processor
[    1.280637] Calibrating delay loop (skipped) preset value.. 7391.99 BogoMIPS (lpj=14783984)
[    1.293101] pid_max: default: 32768 minimum: 301
[    1.299986] ACPI: Core revision 20150930
[    1.307222] ACPI: 2 ACPI AML tables successfully acquired and loaded
[    1.318502] Security Framework initialized
[    1.330134] Yama: becoming mindful.
[    1.335755] AppArmor: AppArmor initialized
[    1.342257] Dentry cache hash table entries: 65536 (order: 7, 524288 bytes)
[    1.351670] Inode-cache hash table entries: 32768 (order: 6, 262144 bytes)
[    1.361130] Mount-cache hash table entries: 1024 (order: 1, 8192 bytes)
[    1.370201] Mountpoint-cache hash table entries: 1024 (order: 1, 8192 bytes)
[    1.379922] Initializing cgroup subsys io
[    1.385753] Initializing cgroup subsys memory
[    1.391029] Initializing cgroup subsys devices
[    1.396356] Initializing cgroup subsys freezer
[    1.401859] Initializing cgroup subsys net_cls
[    1.407085] Initializing cgroup subsys perf_event
[    1.414892] Initializing cgroup subsys net_prio
[    1.423279] Initializing cgroup subsys hugetlb
[    1.428546] Initializing cgroup subsys pids
[    1.435173] mce: CPU supports 0 MCE banks
[    1.440169] Last level iTLB entries: 4KB 64, 2MB 8, 4MB 8
[    1.446211] Last level dTLB entries: 4KB 64, 2MB 0, 4MB 0, 1GB 4
[    1.452773] Spectre V1 : Mitigation: usercopy/swapgs barriers and __user pointer sanitization
[    1.473184] Spectre V2 : Mitigation: Full generic retpoline
[    1.479519] Spectre V2 : Spectre v2 / SpectreRSB mitigation: Filling RSB on context switch
[    1.498426] Speculative Store Bypass: Vulnerable
[    1.504197] MDS: Vulnerable: Clear CPU buffers attempted, no microcode
[    1.530898] Freeing SMP alternatives memory: 36K
[    1.576893] ftrace: allocating 32304 entries in 127 pages
[    1.860267] smpboot: APIC(0) Converting physical 0 to logical package 0
[    1.874710] smpboot: Max logical packages: 1
[    1.881427] x2apic enabled
[    1.891817] Switched APIC routing to physical x2apic.
[    1.903066] ..TIMER: vector=0x30 apic1=0 pin1=2 apic2=-1 pin2=-1
[    2.023706] smpboot: CPU0: Intel(R) Xeon(R) W-2145 CPU @ 3.70GHz (family: 0x6, model: 0x55, stepping: 0x4)
[    2.044730] Performance Events: unsupported p6 CPU model 85 no PMU driver, software events only.
[    2.120820] KVM setup paravirtual spinlock
[    2.128433] x86: Booting SMP configuration:
[    2.134986] .... node  #0, CPUs:      #1
[    2.142736] kvm-clock: cpu 1, msr 0:1ffe3041, secondary cpu clock
[    2.151647] mce: CPU supports 0 MCE banks
[    2.161242] x86: Booted up 1 node, 2 CPUs
[    2.168944] smpboot: Total of 2 processors activated (14783.98 BogoMIPS)
[    2.185802] devtmpfs: initialized
[    2.200488] evm: security.selinux
[    2.208433] evm: security.SMACK64
[    2.214811] evm: security.SMACK64EXEC
[    2.219460] evm: security.SMACK64TRANSMUTE
[    2.224392] evm: security.SMACK64MMAP
[    2.229038] evm: security.ima
[    2.233138] evm: security.capability
[    2.238083] clocksource: jiffies: mask: 0xffffffff max_cycles: 0xffffffff, max_idle_ns: 7645041785100000 ns
[    2.248889] futex hash table entries: 512 (order: 3, 32768 bytes)
[    2.256127] pinctrl core: initialized pinctrl subsystem
[    2.262527] RTC time: 16:52:40, date: 04/12/20
[    2.268162] NET: Registered protocol family 16
[    2.286092] cpuidle: using governor ladder
[    2.301432] cpuidle: using governor menu
[    2.310513] PCCT header not found.
[    2.318132] ACPI: bus type PCI registered
[    2.324915] acpiphp: ACPI Hot Plug PCI Controller Driver version: 0.5
[    2.334051] PCI: Using configuration type 1 for base access
[    2.358152] ACPI: Added _OSI(Module Device)
[    2.368750] ACPI: Added _OSI(Processor Device)
[    2.376520] ACPI: Added _OSI(3.0 _SCP Extensions)
[    2.382318] ACPI: Added _OSI(Processor Aggregator Device)
[    2.390450] ACPI: Executed 1 blocks of module-level executable AML code
[    2.401433] ACPI: Interpreter enabled
[    2.406174] ACPI: (supports S0 S5)
[    2.410621] ACPI: Using IOAPIC for interrupt routing
[    2.416615] PCI: Using host bridge windows from ACPI; if necessary, use "pci=nocrs" and report a bug
[    2.437814] ACPI: PCI Root Bridge [PCI0] (domain 0000 [bus 00-ff])
[    2.463040] acpi PNP0A03:00: _OSC: OS supports [ASPM ClockPM Segments MSI]
[    2.470362] acpi PNP0A03:00: _OSC: not requesting OS control; OS requires [ExtendedConfig ASPM ClockPM MSI]
[    2.482277] acpi PNP0A03:00: fail to add MMCONFIG information, can't access extended PCI configuration space under this bridge.
[    2.496523] PCI host bridge to bus 0000:00
[    2.510734] pci_bus 0000:00: root bus resource [io  0x0000-0x0cf7 window]
[    2.524388] pci_bus 0000:00: root bus resource [io  0x0d00-0xffff window]
[    2.533934] pci_bus 0000:00: root bus resource [mem 0x000a0000-0x000bffff window]
[    2.542760] pci_bus 0000:00: root bus resource [mem 0x20000000-0xfdffffff window]
[    2.551604] pci_bus 0000:00: root bus resource [bus 00-ff]
[    2.568014] pci 0000:00:01.1: legacy IDE quirk: reg 0x10: [io  0x01f0-0x01f7]
[    2.575772] pci 0000:00:01.1: legacy IDE quirk: reg 0x14: [io  0x03f6]
[    2.601361] pci 0000:00:01.1: legacy IDE quirk: reg 0x18: [io  0x0170-0x0177]
[    2.617931] pci 0000:00:01.1: legacy IDE quirk: reg 0x1c: [io  0x0376]
[    2.784197] pci 0000:00:07.0: quirk: [io  0x4000-0x403f] claimed by PIIX4 ACPI
[    2.793814] pci 0000:00:07.0: quirk: [io  0x4100-0x410f] claimed by PIIX4 SMB
[    2.895247] ACPI: PCI Interrupt Link [LNKA] (IRQs 5 9 10 *11)
[    2.912174] ACPI: PCI Interrupt Link [LNKB] (IRQs 5 9 *10 11)
[    2.924023] ACPI: PCI Interrupt Link [LNKC] (IRQs 5 *9 10 11)
[    2.935862] ACPI: PCI Interrupt Link [LNKD] (IRQs 5 9 10 *11)
[    2.946555] ACPI: Enabled 2 GPEs in block 00 to 07
[    2.954859] vgaarb: setting as boot device: PCI:0000:00:02.0
[    2.960621] vgaarb: device added: PCI:0000:00:02.0,decodes=io+mem,owns=io+mem,locks=none
[    2.969344] vgaarb: loaded
[    2.972739] vgaarb: bridge control possible 0000:00:02.0
[    2.989156] SCSI subsystem initialized
[    2.997336] ACPI: bus type USB registered
[    3.007754] usbcore: registered new interface driver usbfs
[    3.019189] usbcore: registered new interface driver hub
[    3.030157] usbcore: registered new device driver usb
[    3.036291] PCI: Using ACPI for IRQ routing
[    3.043113] NetLabel: Initializing
[    3.048478] NetLabel:  domain hash size = 128
[    3.053886] NetLabel:  protocols = UNLABELED CIPSOv4
[    3.059143] NetLabel:  unlabeled traffic allowed by default
[    3.065691] amd_nb: Cannot enumerate AMD northbridges
[    3.073662] clocksource: Switched to clocksource kvm-clock
[    3.096965] AppArmor: AppArmor Filesystem Enabled
[    3.02145] pnp: PnP ACPI init
[    3.217201] pnp: PnP ACPI: found 3 devices

[    3.251328] clocksource: acpi_pm: mask: 0xffffff max_cycles: 0xffffff, max_idle_ns: 2085701024 ns
[   3.2660] NET: Registered protocol family 2
[    3.944633] TCP established hash table entries: 4096 (order: 3, 32768 bytes)
[    3.952262] TCP bind hash table entries: 4096 (order: 4, 65536 bytes)
[    3.959317] TCP: Hash tables configed (established 4096 bin 4096)
[    4.343886] UDP hash table entries: 256 (order: 1, 8192 bytes)
[    4.350441] UDP-Lite hash table entries: 256 (order: 1, 8192 bytes)
[    4.357194] NET: Registered protocol family 1
[    4.362330] pci 0000:00:00.0: Limiting direct PCI/PCI transfers
[    4.368864] pci 0000:00:01.0: Activating ISA DMA hang workarounds
[    4.376760] Unpacking initramfs...
[    4.577077] Freeing initrd memory: 14876K
[    4.582215] clocksource: tsc: mask: 0xffffffffffffffff max_cycles: 0x6a8d1fbf22a, max_idle_ns: 881590537935 ns
[    4.593270] platform rtc_cmos: registered platform RTC device (no PNP device found)
[    4.696530] Scanning for low memory corruption every 60 seconds
[    4.712761] audit: initializing netlink subsys (disabled)
[    4.729404] audit: type=2000 audit(1586710369.259:1): initialized
[    4.736636] Initialise system trusted keyring
[    4.742625] HugeTLB registered 2 MB page size, pre-allocated 0 pages
[    4.750567] zbud: loaded
[    4.760201] VFS: Disk quotas dquot_6.6.0
[    4.767611] VFS: Dquot-cache hash table entries: 512 (order 0, 4096 bytes)
[    4.775804] squashfs: version 4.0 (2009/01/31) Phillip Lougher
[    4.782949] fuse init (API version 7.23)
[    4.788397] Key type big_key registered
[    4.793198] Allocating IMA MOK and blacklist keyrings.
[    4.809159] Key type asymmetric registered
[    4.819756] Asymmetric key parser 'x509' registered
[    4.830861] Block layer SCSI generic (bsg) driver version 0.4 loaded (major 249)
[    4.851057] io scheduler noop registered
[    4.856264] io scheduler deadline registered (default)
[    4.862305] io scheduler cfq registered
[    4.868108] pci_hotplug: PCI Hot Plug PCI Core version: 0.5
[    4.875821] pciehp: PCI Express Hot Plug Controller Driver version: 0.4
[    4.884838] ACPI: AC Adapter [AC] (on-line)
[    4.893087] input: Power Button as /devices/LNXSYSTM:00/LNXPWRBN:00/input/input0
[    4.903214] ACPI: Power Button [PWRF]
[    4.913768] input: Sleep Button as /devices/LNXSYSTM:00/LNXSLPBN:00/input/input1
[    4.923417] ACPI: Sleep Button [SLPF]
[    4.929371] GHES: HEST is not enabled!
[    4.935238] Serial: 8250/16550 driver, 32 ports, IRQ sharing enabled
[    4.983117] 00:02: ttyS0 at I/O 0x3f8 (irq = 4, base_baud = 115200) is a 16550A
[    5.012345] Linux agpgart interface v0.103
[    5.027454] loop: module loaded
[    5.033466] scsi host0: ata_piix
[    5.038284] scsi host1: ata_piix
[    5.042613] ata1: PATA max UDMA/33 cmd 0x1f0 ctl 0x3f6 bmdma 0xd000 i 14
[    5.324396] ata2: PATA max UDMA/33 cmd 0x170 ctl 0x376 bmma 0xd008 irq 15

[    5.451359] libphy: Fixed MDIO Bus: probed
[    5.456514] tun: Universal TUN/TAP device driver, 1.6
[    5.462355] tun: (C) 1999-2004 Max Krasnyansky <maxk@qualcomm.com>
[    5.469262] PPP generic driver version 2.4.2
[    5.474830] ehci_hcd: USB 2.0 'Enhanced' Host Controller (EHCI) Driver
[    5.481812] ehci-pci: EHCI PCI platform driver
[    5.487080] ehci-platform: EHCI generic platform driver
[    5.493066] ohci_hcd: USB 1.1 'Open' Host Controller (OHCI) Driver
[    5.499978] ohci-pci: OHCI PCI platform driver
[    5.505316] ohci-platform: OHCI generic platform driver
[    5.516710] uhci_hcd: USB Universal Host Controller Interface driver
[    5.531030] i8042: PNP: PS/2 Controller [PNP0303:PS2K,PNP0f03:PS2M] at 0x60,0x64 irq 1,12
[    5.543584] serio: i8042 KBD port at 0x60,0x64 irq 1
[    5.549239] serio: i8042 AUX port at 0x60,0x64 irq 12
[    5.555636] mousedev: PS/2 mouse device common for all mice
[    5.565043] input: AT Translated Set 2 keyboard as /devices/platform/i8042/serio0/input/input2
[    5.571247] rtc_cmos rtc_cmos: rtc core: registered rtc_cmos as rtc0
[    5.571588] rtc_cmos rtc_cmos: alarms up to one day, 114 bytes nvram
[    5.571602] i2c /dev entries driver
[    5.571755] device-mapper: uevent: version 1.0.3
[    5.571820] device-mapper: ioctl: 4.34.0-ioctl (2015-10-28) initialised: dm-devel@redhat.com
[    5.571850] ledtrig-cpu: registered to indicate activity on CPUs
[    5.572264] NET: Registered protocol family 10
[    5.572638] NET: Registered protocol family 17
[    5.572653] Key type dns_resolver registered
[    5.573030] registered taskstats version 1
[    5.573047] Loading compiled-in X.509 certificates
[    5.574005] Loaded X.509 cert 'Build time autogenerated kernel key: a048edf52b07f04005c7780de0f875c713550332'
[    5.574034] zswap: loaded using pool lzo/zbud
[    5.576057] Key type trusted registered
[    5.582460] Key type encrypted registered
[    5.582470] AppArmor: AppArmor sha1 policy hashing enabled
[    5.582476] ima: No TPM chip found, activating TPM-bypass!
[    5.582481] ima: Allocated hash algorithm: sha1
[    5.582508] evm: HMAC attrs: 0x1
[    5.584134]   Magic number: 0:924:893
[    5.586439] rtc_cmos rtc_cmos: setting system clock to 2020-04-12 16:52:43 UTC (1586710363)
[    5.587305] BIOS EDD facility v0.16 2004-Jun-25, 0 devices found
[    5.587305] EDD information not available.
[    5.795884] Freeing unused kernel memory: 1488K
[    5.817908] Write protecting the kernel read-only data: 14336k
[    5.830602] Freeing unused kernel memory: 1604K
[    5.837072] Freeing unused kernel memory: 60K
Loading, please wait...
starting version 229
[    5.872491] random: systemd-udevd: uninitialized urandom read (16 bytes read, 5 bits of entropy available)
[    5.873218] random: udevadm: uninitialized urandom read (16 bytes read, 5 bits of entropy available)
[    5.873236] random: udevadm: uninitialized urandom read (16 bytes read, 5 bits of entropy available)
[    5.885146] random: udevadm: uninitialized urandom read (16 bytes read, 5 bits of entropy available)
[    5.885202] random: udevadm: uninitialized urandom read (16 bytes read, 5 bits of entropy available)
[    5.885379] random: udevadm: uninitialized urandom read (16 bytes read, 5 bits of entropy available)
[    5.885439] random: udevadm: uninitialized urandom read (16 bytes read, 5 bits of entropy available)
[    5.885498] random: udevadm: uninitialized urandom read (16 bytes read, 5 bits of entropy available)
[    5.885563] random: udevadm: uninitialized urandom read (16 bytes read, 5 bits of entropy available)
[    5.885620] random: udevadm: uninitialized urandom read (16 bytes read, 5 bits of entropy available)
[    6.061695] e1000: Intel(R) PRO/1000 Network Driver - version 7.3.21-k8-NAPI
[    6.070593] e1000: Copyright (c) 1999-2006 Intel Corporation.
[    6.098856] Fusion MPT base driver 3.04.20
[    6.105805] Copyright (c) 1999-2008 LSI Corporation
[    6.143038] AVX2 version of gcm_enc/dec engaged.
[    6.160557] AES CTR mode by8 optimization enabled
[    6.167734] Fusion MPT SPI Host driver 3.04.20
[    6.369302] input: ImExPS/2 Generic Explorer Mouse as /devices/platform/i8042/serio1/input/input4
[    6.950677] e1000 0000:00:03.0 eth0: (PCI:33MHz:32-bit) 02:ba:b8:ca:39:a3
[    6.958772] e1000 0000:00:03.0 eth0: Intel(R) PRO/1000 Network Connection
[    6.968266] mptbase: ioc0: Initiating bringup
[    7.662346] ioc0: LSI53C1030 A0: Capabilities={Initiator}
[    8.952064] scsi host2: ioc0: LSI53C1030 A0, FwRev=00000000h, Ports=1, MaxQ=256, IRQ=20
[    9.870672] scsi 2:0:0:0: Direct-Access     VBOX     HARDDISK         1.0  PQ: 0 ANSI: 5
[    9.902911] scsi target2:0:0: Beginning Domain Validation
[    9.918226] scsi target2:0:0: Domain Validation skipping write tests
[    9.933894] scsi target2:0:0: Ending Domain Validation
[    9.944062] scsi target2:0:0: asynchronous
[    9.958212] scsi 2:0:1:0: Direct-Access     VBOX     HARDDISK         1.0  PQ: 0 ANSI: 5
[    9.977119] scsi target2:0:1: Beginning Domain Validation
[    9.990338] scsi target2:0:1: Domain Validation skipping write tests
[   10.001918] scsi target2:0:1: Ending Domain Validation
[   10.017112] scsi target2:0:1: asynchronous
[   10.043042] sd 2:0:0:0: Attached scsi generic sg0 type 0
[   10.051986] sd 2:0:0:0: [sda] 20971520 512-byte logical blocks: (10.7 GB/10.0 GiB)
[   10.135882] sd 2:0:1:0: Attached scsi generic sg1 type 0
[   10.150437] sd 2:0:1:0: [sdb] 20480 512-byte logical blocks: (10.5 MB/10.0 MiB)
[   10.162346] sd 2:0:1:0: [sdb] Write Protect is off
[   10.170351] sd 2:0:0:0: [sda] Write Protect is off
[   10.180355] sd 2:0:1:0: [sdb] Incomplete mode parameter data
[   10.189656] sd 2:0:1:0: [sdb] Assuming drive cache: write through
[   10.199393] sd 2:0:0:0: [sda] Incomplete mode parameter data
[   10.212920] sd 2:0:0:0: [sda] Assuming drive cache: write through
[   10.350539]  sda: sda1
[   10.362231] sd 2:0:0:0: [sda] Attached SCSI disk
[   10.484482] sd 2:0:1:0: [sdb] Attached SCSI disk
[   10.656365] e1000 0000:00:08.0 eth1: (PCI:33MHz:32-bit) 08:00:27:87:e4:6d
[   10.666324] e1000 0000:00:08.0 eth1: Intel(R) PRO/1000 Network Connection
[   10.679032] e1000 0000:00:08.0 enp0s8: renamed from eth1
[   10.698179] e1000 0000:00:03.0 enp0s3: renamed from eth0
Begin: Loading essential drivers ... [   13.356704] md: linear personality registered for level -1
[   13.369518] md: multipath personality registered for level -4
[   13.389372] md: raid0 personality registered for level 0
[   13.403664] md: raid1 personality registered for level 1
[   13.484021] raid6: sse2x1   gen() 12612 MB/s
[   13.553862] raid6: sse2x1   xor()  7807 MB/s
[   13.633886] raid6: sse2x2   gen()  8107 MB/s
[   13.709905] raid6: sse2x2   xor()  4861 MB/s
[   13.785931] raid6: sse2x4   gen()  7273 MB/s
[   13.864097] raid6: sse2x4   xor()  5328 MB/s
[   13.939387] raid6: avx2x1   gen() 13106 MB/s
[   14.018072] raid6: avx2x2   gen() 15570 MB/s
[   14.104369] raid6: avx2x4   gen() 16884 MB/s
[   14.111971] raid6: using algorithm avx2x4 gen() 16884 MB/s
[   14.121231] raid6: using avx2x2 recovery algorithm
[   14.132250] xor: automatically using best checksumming function:
[   14.177850]    avx       : 15931.000 MB/sec
[   14.190237] async_tx: api initialized (async)
[   14.237937] md: raid6 personality registered for level 6
[   14.253422] md: raid5 personality registered for level 5
[   14.262198] md: raid4 personality registered for level 4
[   14.282243] md: raid10 personality registered for level 10
done.
Begin: Running /scripts/init-premount ... done.
Begin: Mounting root file system ... Begin: Running /scripts/local-top ... done.
Begin: Running /scripts/local-premount ... [   14.361696] Btrfs loaded
Scanning for Btrfs filesystems
done.
Warning: fsck not present, so skipping root file system
[   14.421790] EXT4-fs (sda1): mounted filesystem with ordered data mode. Opts: (null)
done.
Begin: Running /scripts/local-bottom ... done.
Begin: Running /scripts/init-bottom ... done.
[   14.710308] systemd[1]: systemd 229 running in system mode. (+PAM +AUDIT +SELINUX +IMA +APPARMOR +SMACK +SYSVINIT +UTMP +LIBCRYPTSETUP +GCRYPT +GNUTLS +ACL +XZ -LZ4 +SECCOMP +BLKID +ELFUTILS +KMOD -IDN)
[   14.730813] systemd[1]: Detected virtualization oracle.
[   14.736783] systemd[1]: Detected architecture x86-64.

Welcome to [1mUbuntu 16.04.6 LTS[0m!

[   14.758131] systemd[1]: Set hostname to <ubuntu>.
[   14.769961] systemd[1]: Initializing machine ID from random generator.
[   14.777129] systemd[1]: Installed transient /etc/machine-id file.
[   15.007509] systemd[1]: Started Trigger resolvconf update for networkd DNS.
[[0;32m  OK  [0m] Started Trigger resolvconf update for networkd DNS.
[   15.030140] systemd[1]: Reached target Swap.
[[0;32m  OK  [0m] Reached target Swap.
[   15.050621] systemd[1]: Listening on LVM2 metadata daemon socket.
[[0;32m  OK  [0m] Listening on LVM2 metadata daemon socket.
[   15.069354] systemd[1]: Listening on /dev/initctl Compatibility Named Pipe.
[[0;32m  OK  [0m] Listening on /dev/initctl Compatibility Named Pipe.
[   15.103478] systemd[1]: Listening on Device-mapper event daemon FIFOs.
[[0;32m  OK  [0m] Listening on Device-mapper event daemon FIFOs.
[   15.120778] systemd[1]: Set up automount Arbitrary Executable File Formats File System Automount Point.
[[0;32m  OK  [0m] Set up automount Arbitrary Executab...ats File System Automount Point.
[   15.143504] systemd[1]: Listening on Journal Audit Socket.
[[0;32m  OK  [0m] Listening on Journal Audit Socket.
[   15.157147] systemd[1]: Reached target User and Group Name Lookups.
[[0;32m  OK  [0m] Reached target User and Group Name Lookups.
[   15.178701] systemd[1]: Listening on Syslog Socket.
[[0;32m  OK  [0m] Listening on Syslog Socket.
[   15.197752] systemd[1]: Created slice User and Session Slice.
[[0;32m  OK  [0m] Created slice User and Session Slice.
[   15.211988] systemd[1]: Reached target System Time Synchronized.
[[0;32m  OK  [0m] Reached target System Time Synchronized.
[   15.226248] systemd[1]: Reached target Encrypted Volumes.
[[0;32m  OK  [0m] Reached target Encrypted Volumes.
[   15.239609] systemd[1]: Created slice System Slice.
[[0;32m  OK  [0m] Created slice System Slice.
[   15.252364] systemd[1]: Created slice system-serial\x2dgetty.slice.
[[0;32m  OK  [0m] Created slice system-serial\x2dgetty.slice.
[   15.276787] systemd[1]: Reached target Slices.
[[0;32m  OK  [0m] Reached target Slices.
[   15.295272] systemd[1]: Listening on Journal Socket.
[[0;32m  OK  [0m] Listening on Journal Socket.
[   15.321996] systemd[1]: Starting Nameserver information manager...
         Starting Nameserver information manager...
[   15.346589] systemd[1]: Mounting Huge Pages File System...
[   15.351657] random: nonblocking pool is initialized
         Mounting Huge Pages File System...
[   15.377433] systemd[1]: Starting Monitoring of LVM2 mirrors, snapshots etc. using dmeventd or progress polling...
         Starting Monitoring of LVM2 mirrors... dmeventd or progress polling...
[   15.397749] systemd[1]: Starting Set console keymap...
         Starting Set console keymap...
[   15.409477] systemd[1]: Starting Remount Root and Kernel File Systems...
[   15.416885] EXT4-fs (sda1): re-mounted. Opts: (null)
         Starting Remount Root and Kernel File Systems...
[   15.431257] systemd[1]: Mounting Debug File System...
         Mounting Debug File System...
[   15.446116] systemd[1]: Starting Load Kernel Modules...
         Starting Load Kernel Modules...
[   15.458816] systemd[1]: Starting Uncomplicated firewall...
         Starting Uncomplicated firewall...
[   15.479411] Loading iSCSI transport class v2.0-870.
[   15.479712] systemd[1]: Listening on LVM2 poll daemon socket.
[[0;32m  OK  [0m] Listening on LVM2 poll daemon socket.
[   15.520539] systemd[1]: Listening on Journal Socket (/dev/log).
[[0;32m  OK  [0m] Listening on Journal Socket (/dev/log).
[   15.538967] iscsi: registered transport (tcp)
[   15.554134] systemd[1]: Starting Journal Service...
         Starting Journal Service...
[   15.571758] systemd[1]: Mounting POSIX Message Queue File System...
         Mounting POSIX Message Queue File System...
[   15.586337] systemd[1]: Started Forward Password Requests to Wall Directory Watch.
[[0;32m  OK  [0m] Started Forward Password Requests to Wall Directory Watch.
[   15.608217] systemd[1]: Listening on udev Kernel Socket.
[[0;32m  OK  [0m] Listening on udev Kernel Socket.
[   15.621852] systemd[1]: Listening on udev Control Socket.
[[0;32m  OK  [0m] Listening on udev Control Socket.
[   15.650087] systemd[1]: Starting Create list of required static device nodes for the current kernel...
[   15.667271] iscsi: registered transport (iser)
         Starting Create list of required st... nodes for the current kernel...
[   15.686955] systemd[1]: Mounted Huge Pages File System.
[[0;32m  OK  [0m] Mounted Huge Pages File System.
[   15.708290] systemd[1]: Mounted Debug File System.
[[0;32m  OK  [0m] Mounted Debug File System.
[   15.727202] systemd[1]: Mounted POSIX Message Queue File System.
[[0;32m  OK  [0m] Mounted POSIX Message Queue File System.
[   15.746561] systemd[1]: Started Journal Service.
[[0;32m  OK  [0m] Started Journal Service.
[[0;32m  OK  [0m] Started Set console keymap.
[[0;32m  OK  [0m] Started Remount Root and Kernel File Systems.
[[0;32m  OK  [0m] Started Load Kernel Modules.
[[0;32m  OK  [0m] Started Uncomplicated firewall.
[[0;32m  OK  [0m] Started Create list of required sta...ce nodes for the current kernel.
[[0;32m  OK  [0m] Started Nameserver information manager.
[[0;32m  OK  [0m] Started LVM2 metadata daemon.
         Starting Create Static Device Nodes in /dev...
         Mounting FUSE Control File System...
         Starting Apply Kernel Variables...
         Starting udev Coldplug all Devices...
         Starting Load/Save Random Seed...
         Starting Flush Journal to Persistent Storage...
[[0;32m  OK  [0m] Mounted FUSE Control File System.
[[0;32m  OK  [0m] Started Apply Kernel Variables.
[[0;32m  OK  [0m] Started Create Static Device Nodes in /dev.
[[0;32m  OK  [0m] Started Load/Save Random Seed.
         Starting udev Kernel Device Manager...
[[0;32m  OK  [0m] Started Flush Journal to Persistent Storage.
[[0;32m  OK  [0m] Started udev Coldplug all Devices.
[[0;32m  OK  [0m] Started udev Kernel Device Manager.
[[0;32m  OK  [0m] Started Dispatch Password Requests to Console Directory Watch.
[[0;32m  OK  [0m] Found device /dev/ttyS0.
[[0;32m  OK  [0m] Listening on Load/Save RF Kill Switch Status /dev/rfkill Watch.
[[0;32m  OK  [0m] Started Monitoring of LVM2 mirrors,...ng dmeventd or progress polling.
[[0;32m  OK  [0m] Reached target Local File Systems (Pre).
[[0;32m  OK  [0m] Reached target Local File Systems.
         Starting Initial cloud-init job (pre-networking)...
         Starting Tell Plymouth To Write Out Runtime Data...
         Starting LSB: AppArmor initialization...
         Starting Commit a transient machine-id on disk...
[   17.224331] cloud-init[611]: Cloud-init v. 19.4-33-gbb4131a2-0ubuntu1~16.04.1 running 'init-local' at Sun, 12 Apr 2020 16:52:56 +0000. Up 16.85 seconds.
         Starting Create Volatile Files and Directories...
         Starting Set console font and keymap...
[[0;32m  OK  [0m] Started Tell Plymouth To Write Out Runtime Data.
[[0;32m  OK  [0m] Started Commit a transient machine-id on disk.
[[0;32m  OK  [0m] Started Create Volatile Files and Directories.
[[0;32m  OK  [0m] Started Initial cloud-init job (pre-networking).
[[0;32m  OK  [0m] Reached target Network (Pre).
         Starting Update UTMP about System Boot/Shutdown...
[[0;32m  OK  [0m] Started Update UTMP about System Boot/Shutdown.
[[0;32m  OK  [0m] Started LSB: AppArmor initialization.
         Starting Raise network interfaces...
[[0;32m  OK  [0m] Started Raise network interfaces.
[[0;32m  OK  [0m] Reached target Network.
         Starting Initial cloud-init job (metadata service crawler)...
[[0;32m  OK  [0m] Started Set console font and keymap.
[[0;32m  OK  [0m] Created slice system-getty.slice.
[   20.040003] cloud-init[949]: Cloud-init v. 19.4-33-gbb4131a2-0ubuntu1~16.04.1 running 'init' at Sun, 12 Apr 2020 16:52:59 +0000. Up 19.36 seconds.
[   20.054152] cloud-init[949]: ci-info: ++++++++++++++++++++++++++++++++++++++Net device info+++++++++++++++++++++++++++++++++++++++
[   20.066985] cloud-init[949]: ci-info: +--------+-------+----------------------------+---------------+--------+-------------------+
[   20.080188] cloud-init[949]: ci-info: | Device |   Up  |          Address           |      Mask     | Scope  |     Hw-Address    |
[   20.095935] cloud-init[949]: ci-info: +--------+-------+----------------------------+---------------+--------+-------------------+
[   20.111925] cloud-init[949]: ci-info: | enp0s3 |  True |         10.0.2.15          | 255.255.255.0 | global | 02:ba:b8:ca:39:a3 |
[   20.127725] cloud-init[949]: ci-info: | enp0s3 |  True | fe80::ba:b8ff:feca:39a3/64 |       .       |  link  | 02:ba:b8:ca:39:a3 |
[   20.142607] cloud-init[949]: ci-info: | enp0s8 | False |             .              |       .       |   .    | 08:00:27:87:e4:6d |
[   20.158649] cloud-init[949]: ci-info: |   lo   |  True |         127.0.0.1          |   255.0.0.0   |  host  |         .         |
[   20.173133] cloud-init[949]: ci-info: |   lo   |  True |          ::1/128           |       .       |  host  |         .         |
[   20.189305] cloud-init[949]: ci-info: +--------+-------+----------------------------+---------------+--------+-------------------+
[   20.205469] cloud-init[949]: ci-info: +++++++++++++++++++++++++++Route IPv4 info++++++++++++++++++++++++++++
[   20.219519] cloud-init[949]: ci-info: +-------+-------------+----------+---------------+-----------+-------+
[   20.233496] cloud-init[949]: ci-info: | Route | Destination | Gateway  |    Genmask    | Interface | Flags |
[   20.248320] cloud-init[949]: ci-info: +-------+-------------+----------+---------------+-----------+-------+
[   20.261428] cloud-init[949]: ci-info: |   0   |   0.0.0.0   | 10.0.2.2 |    0.0.0.0    |   enp0s3  |   UG  |
[   20.278501] cloud-init[949]: ci-info: |   1   |   10.0.2.0  | 0.0.0.0  | 255.255.255.0 |   enp0s3  |   U   |
[   20.293318] cloud-init[949]: ci-info: +-------+-------------+----------+---------------+-----------+-------+
[   20.306293] cloud-init[949]: ci-info: +++++++++++++++++++Route IPv6 info+++++++++++++++++++
[   20.318083] cloud-init[949]: ci-info: +-------+-------------+---------+-----------+-------+
[   20.327527] cloud-init[949]: ci-info: | Route | Destination | Gateway | Interface | Flags |
[   20.343158] cloud-init[949]: ci-info: +-------+-------------+---------+-----------+-------+
[[0;32m  OK  [0m] Started Initial cloud-init job (metadata service crawler).
[   20.373317] [[0;32m  OK  [0m] Reached target System Initialization.cloud-init[949]: ci-info: |   0   |  fe80::/64  |    ::   |   enp0s3  |   U   |
[   20.402917] cloud-init[949]: ci-info: |   3   |   ff00::/8  |    ::   |   enp0s3  |   U   |

[   20.403616] cloud-init[949]: ci-info: +-------+-------------+---------+-----------+-------+
[   20.436735] cloud-init[949]: Generating public/private rsa key pair.
[   20.436980] cloud-init[949]: Your identification has been saved in /etc/ssh/ssh_host_rsa_key.
[   20.438214] cloud-init[949]: Your public key has been saved in /etc/ssh/ssh_host_rsa_key.pub.
[   20.439543] cloud-init[949]: The key fingerprint is:
[   20.439583] cloud-init[949]: SHA256:z0A0Sa7O8q5AdrofR2gK0djwMlEAzOFFnLHwCcAGOPY root@ubuntu-xenial
[   20.439634] cloud-init[949]: The key's randomart image is:
[   20.439658] cloud-init[949]: +---[RSA 2048]----+
[   20.439680] cloud-init[949]: |/*=+o  .+.       |
[   20.439716] cloud-init[949]: |+&=oo  o..       |
[   20.439742] cloud-init[949]: |Bo=+    o        |
[   20.439777] cloud-init[949]: | + E . o         |
[   20.439810] cloud-init[949]: |. o + o S        |
[   20.439854] cloud-init[949]: | + = +   +       |
[   20.439877] cloud-init[949]: |  + o +   o      |
[   20.439912] cloud-init[949]: |   o =           |
[   20.439941] cloud-init[949]: |  ..ooo          |
[   20.439977] cloud-init[949]: +----[SHA256]-----+
[   20.440000] cloud-init[949]: Generating public/private dsa key pair.
[   20.440035] cloud-init[949]: Your identification has been saved in /etc/ssh/ssh_host_dsa_key.
[   20.440060] cloud-init[949]: Your public key has been saved in /etc/ssh/ssh_host_dsa_key.pub.
[   20.440103] cloud-init[949]: The key fingerprint is:
[   20.440127] cloud-init[949]: SHA256:e4NyLNrgsfUcH16sleiKGMltFD0EypSo9ugYpeYbUC4 root@ubuntu-xenial
[   20.440150] cloud-init[949]: The key's randomart image is:
[   20.440187] cloud-init[949]: +---[DSA 1024]----+
[   20.440214] cloud-init[949]: |   ......        |
[   20.440253] cloud-init[949]: |  .o.. o         |
[   20.440276] cloud-init[949]: | .. o . o        |
[   20.440310] cloud-init[949]: |.+.    . .       |
[   20.440336] cloud-init[949]: |Eo+   . S        |
[   20.440359] cloud-init[949]: |++ o + . o o .   |
[   20.440396] cloud-init[949]: |=o  * * * = =    |
[   20.440419] cloud-init[949]: |.o.. @ B * *     |
[   20.440453] cloud-init[949]: | .. = o +.=      |
[   20.440479] cloud-init[949]: +----[SHA256]-----+
[   20.440512] cloud-init[949]: Generating public/private ecdsa key pair.
[   20.440536] cloud-init[949]: Your identification has been saved in /etc/ssh/ssh_host_ecdsa_key.
[   20.440564] cloud-init[949]: Your public key has been saved in /etc/ssh/ssh_host_ecdsa_key.pub.
[   20.440599] cloud-init[949]: The key fingerprint is:
[   20.440624] cloud-init[949]: SHA256:LwVCZqTV3LZokR+WLY/dAJszPBmFN0Lh4a9gJ9ZE3zw root@ubuntu-xenial
[   20.440658] cloud-init[949]: The key's randomart image is:
[   20.440680] cloud-init[949]: +---[ECDSA 256]---+
[   20.440718] cloud-init[949]: |     .*o +BB.    |
[   20.440742] cloud-init[949]: |     *  ==XB=o   |
[   20.440766] cloud-init[949]: |    . . .*%X.+E  |
[   20.440803] cloud-init[949]: |       .o++=o .. |
[   20.440826] cloud-init[949]: |       .S + .    |
[   20.440863] cloud-init[949]: |       o * .     |
[   20.440885] cloud-init[949]: |        . o      |
[   20.440924] cloud-init[949]: |         .       |
[   20.440950] cloud-init[949]: |                 |
[   20.440974] cloud-init[949]: +----[SHA256]-----+
[   20.441011] cloud-init[949]: Generating public/private ed25519 key pair.
[   20.441034] cloud-init[949]: Your identification has been saved in /etc/ssh/ssh_host_ed25519_key.
[   20.441069] cloud-init[949]: Your public key has been saved in /etc/ssh/ssh_host_ed25519_key.pub.
[   20.441094] cloud-init[949]: The key fingerprint is:
[   20.441127] cloud-init[949]: SHA256:ABZvzaHxsOEH9MlyM9iXnLAWfxWW+TbxjbF8MRxegXo root@ubuntu-xenial
[   20.441151] cloud-init[949]: The key's randomart image is:
[   20.441175] cloud-init[949]: +--[ED25519 256]--+
[   20.441209] cloud-init[949]: |    +o* +     **+|
[   20.441234] cloud-init[949]: |   . + / O o +==.|
[   20.441446] cloud-init[949]: |      X / * o. **|
[   20.441485] cloud-init[949]: |     . * + o E+.*|
[   20.441509] cloud-init[949]: |        S   .  o.|
[   20.441542] cloud-init[949]: |                 |
[   20.441566] cloud-init[[0;32m  OK  [0m] Started ACPI Events Check.
[[0;32m  OK  [0m] Reached target Paths.
[[0;32m  OK  [0m] Started Daily apt download activities.
[949]: |                 |
[   20.917943]          Starting LXD - unix socket.
cloud-init[949]: |                 |[[0;32m  OK  [0m] Listening on D-Bus System Message Bus Socket.
[   20.933755] cloud-init[949]: |                 |
[   20.938213] cloud-init
[[0;32m  OK  [0m] Started Message of the Day.[949]: +----[SHA256]-----+

[[0;32m  OK  [0m] Started Daily apt upgrade and clean activities.
[[0;32m  OK  [0m] Started Daily Cleanup of Temporary Directories.
[[0;32m  OK  [0m] Reached target Timers.
[[0;32m  OK  [0m] Listening on UUID daemon activation socket.
         Starting Socket activation for snappy daemon.
[[0;32m  OK  [0m] Listening on ACPID Listen Socket.
[[0;32m  OK  [0m] Reached target Network is Online.
         Starting iSCSI initiator daemon (iscsid)...
[[0;32m  OK  [0m] Reached target Cloud-config availability.
[[0;32m  OK  [0m] Listening on LXD - unix socket.
[[0;32m  OK  [0m] Listening on Socket activation for snappy daemon.
[[0;32m  OK  [0m] Reached target Sockets.
[[0;32m  OK  [0m] Reached target Basic System.
         Starting Login Service...
[[0;32m  OK  [0m] Started Deferred execution scheduler.
[[0;32m  OK  [0m] Started Regular background program processing daemon.
[[0;32m  OK  [0m] Started FUSE filesystem for LXC.
         Starting Pollinate to seed the pseudo random number generator...
         Starting LSB: MD monitoring daemon...
[[0;32m  OK  [0m] Started D-Bus System Message Bus.
         Starting Snappy daemon...
         Starting /etc/rc.local Compatibility...
         Starting Virtualbox guest utils...
         Starting Accounts Service...
         Starting LXD - container startup/shutdown...
         Starting System Logging Service...
[[0;32m  OK  [0m] Started ACPI event daemon.
         Starting LSB: Record successful boot for GRUB...
[[0;32m  OK  [0m] Started iSCSI initiator daemon (iscsid).
[[0;32m  OK  [0m] Started /etc/rc.local Compatibility.
[[0;32m  OK  [0m] Started System Logging Service.
         Starting Login to default iSCSI targets...
[[0;32m  OK  [0m] Started Login Service.
[[0;32m  OK  [0m] Started LSB: Record successful boot for GRUB.
[[0;32m  OK  [0m] Started Unattended Upgrades Shutdown.
[[0;32m  OK  [0m] Started LSB: MD monitoring daemon.
         Starting Authenticate and Authorize Users to Run Privileged Tasks...
[[0;32m  OK  [0m] Started Login to default iSCSI targets.
[[0;32m  OK  [0m] Reached target Remote File Systems (Pre).
[[0;32m  OK  [0m] Reached target Remote File Systems.
         Starting LSB: daemon to balance interrupts for SMP systems...
         Starting LSB: Set the CPU Frequency Scaling governor to "ondemand"...
         Starting LSB: automatic crash report generation...
         Starting Permit User Sessions...
[[0;32m  OK  [0m] Started Virtualbox guest utils.
[[0;32m  OK  [0m] Started Permit User Sessions.
[[0;32m  OK  [0m] Started Authenticate and Authorize Users to Run Privileged Tasks.
[[0;32m  OK  [0m] Started Accounts Service.
[[0;32m  OK  [0m] Started LXD - container startup/shutdown.
         Starting Terminate Plymouth Boot Screen...
         Starting Hold until boot process finishes up...
[[0;32m  OK  [0m] Started LSB: daemon to balance interrupts for SMP systems.
[[0;32m  OK  [0m] Started Terminate Plymouth Boot Screen.
[[0;32m  OK  [0m] Started Hold until boot process finishes up.
[[0;32m  OK  [0m] Started Getty on tty1.
         Starting Set console scheme...
[[0;32m  OK  [0m] Started Serial Getty on ttyS0.
[[0;32m  OK  [0m] Reached target Login Prompts.
[[0;32m  OK  [0m] Started Pollinate to seed the pseudo random number generator.
[[0;32m  OK  [0m] Started LSB: Set the CPU Frequency Scaling governor to "ondemand".
[[0;32m  OK  [0m] Started LSB: automatic crash report generation.
[[0;32m  OK  [0m] Started Set console scheme.
[[0;32m  OK  [0m] Started Snappy daemon.
         Starting Wait until snapd is fully seeded...
         Starting OpenBSD Secure Shell server...
[[0;32m  OK  [0m] Started OpenBSD Secure Shell server.
[[0;32m  OK  [0m] Created slice User Slice of vagrant.
         Starting User Manager for UID 1000...
[[0;32m  OK  [0m] Started Session 1 of user vagrant.
[[0;32m  OK  [0m] Started User Manager for UID 1000.
[[0;32m  OK  [0m] Started Wait until snapd is fully seeded.
         Starting Apply the settings specified in cloud-config...
[[0;32m  OK  [0m] Reached target Multi-User System.
[[0;32m  OK  [0m] Reached target Graphical Interface.
         Starting Update UTMP about System Runlevel Changes...
[[0;32m  OK  [0m] Started Update UTMP about System Runlevel Changes.
[   23.575369] cloud-init[1341]: Generating locales (this might take a while)...
[   24.560508] cloud-init[1341]:   en_US.UTF-8... done
[   24.571742] cloud-init[1341]: Generation complete.
[   24.935590] cloud-init[1341]: Cloud-init v. 19.4-33-gbb4131a2-0ubuntu1~16.04.1 running 'modules:config' at Sun, 12 Apr 2020 16:53:03 +0000. Up 23.40 seconds.
[[0;32m  OK  [0m] Started Apply the settings specified in cloud-config.
         Starting Execute cloud user/final scripts...
ci-info: no authorized SSH keys fingerprints found for user ubuntu.
<14>Apr 12 16:53:05 ec2: 
<14>Apr 12 16:53:05 ec2: #############################################################
<14>Apr 12 16:53:05 ec2: -----BEGIN SSH HOST KEY FINGERPRINTS-----
<14>Apr 12 16:53:05 ec2: 1024 SHA256:e4NyLNrgsfUcH16sleiKGMltFD0EypSo9ugYpeYbUC4 root@ubuntu-xenial (DSA)
<14>Apr 12 16:53:05 ec2: 256 SHA256:LwVCZqTV3LZokR+WLY/dAJszPBmFN0Lh4a9gJ9ZE3zw root@ubuntu-xenial (ECDSA)
<14>Apr 12 16:53:05 ec2: 256 SHA256:ABZvzaHxsOEH9MlyM9iXnLAWfxWW+TbxjbF8MRxegXo root@ubuntu-xenial (ED25519)
<14>Apr 12 16:53:05 ec2: 2048 SHA256:z0A0Sa7O8q5AdrofR2gK0djwMlEAzOFFnLHwCcAGOPY root@ubuntu-xenial (RSA)
<14>Apr 12 16:53:05 ec2: -----END SSH HOST KEY FINGERPRINTS-----
<14>Apr 12 16:53:05 ec2: #############################################################
-----BEGIN SSH HOST KEY KEYS-----
ecdsa-sha2-nistp256 AAAAE2VjZHNhLXNoYTItbmlzdHAyNTYAAAAIbmlzdHAyNTYAAABBBMRb6hGy8MhmJiblsR0FQYtLrxfwGPUBE0q/KjMWLvuqZuWO6elvbmmyySYFnVV8ti7xI2UUtybhL4IcMsxCY4Q= root@ubuntu-xenial
ssh-ed25519 AAAAC3NzaC1lZDI1NTE5AAAAIPdgqjRdeAEwoF93JtHKHQkl9Q1waXPTMfVj3tQbNvVH root@ubuntu-xenial
ssh-rsa AAAAB3NzaC1yc2EAAAADAQABAAABAQDfsfE8YnPtOqs3DNbEA0GkZfR09Qy8gW55pNUETenQcDiliq2ROAJT81asu5sOfBbMRVjCLTWMx9/54fl8cba2G3QdL56zZuEHfvuPrPvh/vV+B4tlYeKwFBTPW5gMvwd2a/xSYkGW/YajISOf6bdZ39sT01q2vgVejorStKGTnpfFN20MWQa5VceA43i4JnKKOmwB+qja7Ql9IdWqs0IozTMDy50VoaJT6GDNzlrozasl8W7u7nkLtk/satVMq3LkFgt7nIXkjQtuVZaj/PwPcNfeJQCzO+F1fAjQs+KFP9Znh7byOIdlqAQT3GaX6CPBN1FpmH0kvkJhCnR9mHpl root@ubuntu-xenial
-----END SSH HOST KEY KEYS-----
[   25.602250] cloud-init[1479]: Cloud-init v. 19.4-33-gbb4131a2-0ubuntu1~16.04.1 running 'modules:final' at Sun, 12 Apr 2020 16:53:05 +0000. Up 25.30 seconds.
[   25.616920] cloud-init[1479]: ci-info: no authorized SSH keys fingerprints found for user ubuntu.
[   25.629954] cloud-init[1479]: Cloud-init v. 19.4-33-gbb4131a2-0ubuntu1~16.04.1 finished at Sun, 12 Apr 2020 16:53:05 +0000. Datasource DataSourceNoCloud [seed=/dev/sdb][dsmode=net].  Up 25.59 seconds
[[0;32m  OK  [0m] Started Execute cloud user/final scripts.
[[0;32m  OK  [0m] Reached target Cloud-init target.

Ubuntu 16.04.6 LTS ubuntu-xenial ttyS0

ubuntu-xenial login: 