[    0.000000] Initializing cgroup subsys cpuset
[    0.000000] Initializing cgroup subsys cpu
[    0.000000] Initializing cgroup subsys cpuacct
[    0.000000] Linux version 4.4.0-177-generic (buildd@lgw01-amd64-035) (gcc version 5.4.0 20160609 (Ubuntu 5.4.0-6ubuntu1~16.04.12) ) #207-Ubuntu SMP Mon Mar 16 01:16:10 UTC 2020 (Ubuntu 4.4.0-177.207-generic 4.4.214)
[    0.000000] Command line: BOOT_IMAGE=/boot/vmlinuz-4.4.0-177-generic root=LABEL=cloudimg-rootfs ro console=tty1 console=ttyS0
[    0.000000] KERNEL supported cpus:
[    0.000000]   Intel GenuineIntel
[    0.000000]   AMD AuthenticAMD
[    0.000000]   Centaur CentaurHauls
[    0.000000] ------------[ cut here ]------------
[    0.000000] WARNING: CPU: 0 PID: 0 at /build/linux-OV4ZPD/linux-4.4.0/arch/x86/kernel/fpu/xstate.c:517 fpu__init_system_xstate+0x37e/0x764()
[    0.000000] XSAVE consistency problem, dumping leaves
[    0.000000] Modules linked in:
[    0.000000] CPU: 0 PID: 0 Comm: swapper Not tainted 4.4.0-177-generic #207-Ubuntu
[    0.000000]  0000000000000086 cf51dc2be0592aa7 ffffffff81e03d80 ffffffff8140d35b
[    0.000000]  ffffffff81e03dc8 ffffffff81cb3350 ffffffff81e03db8 ffffffff810864a2
[    0.000000]  0000000000000008 0000000000000340 0000000000000100 ffffffff81e03e4c
[    0.000000] Call Trace:
[    0.000000]  [<ffffffff8140d35b>] dump_stack+0x6d/0x92
[    0.000000]  [<ffffffff810864a2>] warn_slowpath_common+0x82/0xc0
[    0.000000]  [<ffffffff8108653c>] warn_slowpath_fmt+0x5c/0x80
[    0.000000]  [<ffffffff81081f96>] ? xfeature_size+0x59/0x77
[    0.000000]  [<ffffffff81f783f1>] fpu__init_system_xstate+0x37e/0x764
[    0.000000]  [<ffffffff81f68120>] ? early_idt_handler_array+0x120/0x120
[    0.000000]  [<ffffffff81f77dfa>] fpu__init_system+0x1e7/0x28e
[    0.000000]  [<ffffffff81f790a6>] early_cpu_init+0x2b6/0x2bb
[    0.000000]  [<ffffffff81f790a6>] ? early_cpu_init+0x2b6/0x2bb
[    0.000000]  [<ffffffff81f7439d>] setup_arch+0xc0/0xd1f
[    0.000000]  [<ffffffff81f68120>] ? early_idt_handler_array+0x120/0x120
[    0.000000]  [<ffffffff81f68c16>] start_kernel+0xe2/0x4a4
[    0.000000]  [<ffffffff81f68120>] ? early_idt_handler_array+0x120/0x120
[    0.000000]  [<ffffffff81f682da>] x86_64_start_reservations+0x2a/0x2c
[    0.000000]  [<ffffffff81f68426>] x86_64_start_kernel+0x14a/0x16d
[    0.000000] ---[ end trace 4d5ff9f2f68c4233 ]---
[    0.000000] CPUID[0d, 00]: eax=00000007 ebx=00000a80 ecx=00000a80 edx=00000000
[    0.000000] CPUID[0d, 01]: eax=00000000 ebx=00000a00 ecx=00000000 edx=00000000
[    0.000000] CPUID[0d, 02]: eax=00000100 ebx=00000240 ecx=00000000 edx=00000000
[    0.000000] CPUID[0d, 03]: eax=00000000 ebx=00000000 ecx=00000000 edx=00000000
[    0.000000] CPUID[0d, 04]: eax=00000000 ebx=00000000 ecx=00000000 edx=00000000
[    0.000000] CPUID[0d, 05]: eax=00000000 ebx=00000000 ecx=00000000 edx=00000000
[    0.000000] CPUID[0d, 06]: eax=00000000 ebx=00000000 ecx=00000000 edx=00000000
[    0.000000] CPUID[0d, 07]: eax=00000000 ebx=00000000 ecx=00000000 edx=00000000
[    0.000000] CPUID[0d, 08]: eax=00000000 ebx=00000000 ecx=00000000 edx=00000000
[    0.000000] CPUID[0d, 09]: eax=00000000 ebx=00000000 ecx=00000000 edx=00000000
[    0.000000] CPUID[0d, 0a]: eax=00000000 ebx=00000000 ecx=00000000 edx=00000000
[    0.000000] CPUID[0d, 0b]: eax=00000000 ebx=00000000 ecx=00000000 edx=00000000
[    0.000000] CPUID[0d, 0c]: eax=00000000 ebx=00000000 ecx=00000000 edx=00000000
[    0.000000] CPUID[0d, 0d]: eax=00000000 ebx=00000000 ecx=00000000 edx=00000000
[    0.000000] CPUID[0d, 0e]: eax=00000000 ebx=00000000 ecx=00000000 edx=00000000
[    0.000000] CPUID[0d, 0f]: eax=00000000 ebx=00000000 ecx=00000000 edx=00000000
[    0.000000] CPUID[0d, 10]: eax=00000000 ebx=00000000 ecx=00000000 edx=00000000
[    0.000000] CPUID[0d, 11]: eax=00000000 ebx=00000000 ecx=00000000 edx=00000000
[    0.000000] x86/fpu: xstate_offset[2]:  576, xstate_sizes[2]:  256
[    0.000000] x86/fpu: Supporting XSAVE feature 0x01: 'x87 floating point registers'
[    0.000000] x86/fpu: Supporting XSAVE feature 0x02: 'SSE registers'
[    0.000000] x86/fpu: Supporting XSAVE feature 0x04: 'AVX registers'
[    0.000000] x86/fpu: Enabled xstate features 0x7, context size is 2688 bytes, using 'standard' format.
[    0.000000] e820: BIOS-provided physical RAM map:
[    0.000000] BIOS-e820: [mem 0x0000000000000000-0x000000000009fbff] usable
[    0.000000] BIOS-e820: [mem 0x000000000009fc00-0x000000000009ffff] reserved
[    0.000000] BIOS-e820: [mem 0x00000000000f0000-0x00000000000fffff] reserved
[    0.000000] BIOS-e820: [mem 0x0000000000100000-0x000000001ffeffff] usable
[    0.000000] BIOS-e820: [mem 0x000000001fff0000-0x000000001fffffff] ACPI data
[    0.000000] BIOS-e820: [mem 0x00000000fec00000-0x00000000fec00fff] reserved
[    0.000000] BIOS-e820: [mem 0x00000000fee00000-0x00000000fee00fff] reserved
[    0.000000] BIOS-e820: [mem 0x00000000fffc0000-0x00000000ffffffff] reserved
[    0.000000] NX (Execute Disable) protection: active
[    0.000000] SMBIOS 2.5 present.
[    0.000000] Hypervisor detected: KVM
[    0.000000] e820: last_pfn = 0x1fff0 max_arch_pfn = 0x400000000
[    0.000000] MTRR: Disabled
[    0.000000] x86/PAT: MTRRs disabled, skipping PAT initialization too.
[    0.000000] CPU MTRRs all blank - virtualized system.
[    0.000000] x86/PAT: Configuration [0-7]: WB  WT  UC- UC  WB  WT  UC- UC  
[    0.000000] found SMP MP-table at [mem 0x0009fff0-0x0009ffff] mapped at [ffff88000009fff0]
[    0.000000] Scanning 1 areas for low memory corruption
[    0.000000] RAMDISK: [mem 0x1e8b0000-0x1f736fff]
[    0.000000] ACPI: Early table checksum verification disabled
[    0.000000] ACPI: RSDP 0x00000000000E0000 000024 (v02 VBOX  )
[    0.000000] ACPI: XSDT 0x000000001FFF0030 00003C (v01 VBOX   VBOXXSDT 00000001 ASL  00000061)
[    0.000000] ACPI: FACP 0x000000001FFF00F0 0000F4 (v04 VBOX   VBOXFACP 00000001 ASL  00000061)
[    0.000000] ACPI: DSDT 0x000000001FFF0470 0021FF (v02 VBOX   VBOXBIOS 00000002 INTL 20160108)
[    0.000000] ACPI: FACS 0x000000001FFF0200 000040
[    0.000000] ACPI: FACS 0x000000001FFF0200 000040
[    0.000000] ACPI: APIC 0x000000001FFF0240 00005C (v02 VBOX   VBOXAPIC 00000001 ASL  00000061)
[    0.000000] ACPI: SSDT 0x000000001FFF02A0 0001CC (v01 VBOX   VBOXCPUT 00000002 INTL 20160108)
[    0.000000] No NUMA configuration found
[    0.000000] Faking a node at [mem 0x0000000000000000-0x000000001ffeffff]
[    0.000000] NODE_DATA(0) allocated [mem 0x1ffeb000-0x1ffeffff]
[    0.000000] kvm-clock: Using msrs 4b564d01 and 4b564d00
[    0.000000] kvm-clock: cpu 0, msr 0:1ffe3001, primary cpu clock
[    0.000000] kvm-clock: using sched offset of 6479036813 cycles
[    0.000000] clocksource: kvm-clock: mask: 0xffffffffffffffff max_cycles: 0x1cd42e4dffb, max_idle_ns: 881590591483 ns
[    0.000000] Zone ranges:
[    0.000000]   DMA      [mem 0x0000000000001000-0x0000000000ffffff]
[    0.000000]   DMA32    [mem 0x0000000001000000-0x000000001ffeffff]
[    0.000000]   Normal   empty
[    0.000000]   Device   empty
[    0.000000] Movable zone start for each node
[    0.000000] Early memory node ranges
[    0.000000]   node   0: [mem 0x0000000000001000-0x000000000009efff]
[    0.000000]   node   0: [mem 0x0000000000100000-0x000000001ffeffff]
[    0.000000] Initmem setup node 0 [mem 0x0000000000001000-0x000000001ffeffff]
[    0.000000] ACPI: PM-Timer IO Port: 0x4008
[    0.000000] IOAPIC[0]: apic_id 2, version 32, address 0xfec00000, GSI 0-23
[    0.000000] ACPI: INT_SRC_OVR (bus 0 bus_irq 0 global_irq 2 dfl dfl)
[    0.000000] ACPI: INT_SRC_OVR (bus 0 bus_irq 9 global_irq 9 high level)
[    0.000000] Using ACPI (MADT) for SMP configuration information
[    0.000000] smpboot: Allowing 2 CPUs, 0 hotplug CPUs
[    0.000000] PM: Registered nosave memory: [mem 0x00000000-0x00000fff]
[    0.000000] PM: Registered nosave memory: [mem 0x0009f000-0x0009ffff]
[    0.000000] PM: Registered nosave memory: [mem 0x000a0000-0x000effff]
[    0.000000] PM: Registered nosave memory: [mem 0x000f0000-0x000fffff]
[    0.000000] e820: [mem 0x20000000-0xfebfffff] available for PCI devices
[    0.000000] Booting paravirtualized kernel on KVM
[    0.000000] clocksource: refined-jiffies: mask: 0xffffffff max_cycles: 0xffffffff, max_idle_ns: 7645519600211568 ns
[    0.000000] setup_percpu: NR_CPUS:512 nr_cpumask_bits:512 nr_cpu_ids:2 nr_node_ids:1
[    0.000000] PERCPU: Embedded 33 pages/cpu @ffff88001fc00000 s95448 r8192 d31528 u1048576
[    0.000000] Built 1 zonelists in Node order, mobility grouping on.  Total pages: 128888
[    0.000000] Policy zone: DMA32
[    0.000000] Kernel command line: BOOT_IMAGE=/boot/vmlinuz-4.4.0-177-generic root=LABEL=cloudimg-rootfs ro console=tty1 console=ttyS0
[    0.000000] PID hash table entries: 2048 (order: 2, 16384 bytes)
[    0.000000] Memory: 481596K/523832K available (8626K kernel code, 1336K rwdata, 4036K rodata, 1488K init, 1292K bss, 42236K reserved, 0K cma-reserved)
[    0.000000] SLUB: HWalign=64, Order=0-3, MinObjects=0, CPUs=2, Nodes=1
[    0.000000] Kernel/User page tables isolation: enabled
[    0.000000] Hierarchical RCU implementation.
[    0.000000] 	Build-time adjustment of leaf fanout to 64.
[    0.000000] 	RCU restricting CPUs from NR_CPUS=512 to nr_cpu_ids=2.
[    0.000000] RCU: Adjusting geometry for rcu_fanout_leaf=64, nr_cpu_ids=2
[    0.000000] NR_IRQS:33024 nr_irqs:440 16
[    0.000000] Console: colour VGA+ 80x25
[    0.000000] console [tty1] enabled
[    0.000000] console [ttyS0] enabled
[    0.000000] tsc: Detected 3696.030 MHz processor
[    1.229058] Calibrating delay loop (skipped) preset value.. 7392.06 BogoMIPS (lpj=14784120)
[    1.243196] pid_max: default: 32768 minimum: 301
[    1.250853] ACPI: Core revision 20150930
[    1.258654] ACPI: 2 ACPI AML tables successfully acquired and loaded
[    1.269890] Security Framework initialized
[    1.276831] Yama: becoming mindful.
[    1.283091] AppArmor: AppArmor initialized
[    1.290156] Dentry cache hash table entries: 65536 (order: 7, 524288 bytes)
[    1.300502] Inode-cache hash table entries: 32768 (order: 6, 262144 bytes)
[    1.311189] Mount-cache hash table entries: 1024 (order: 1, 8192 bytes)
[    1.321191] Mountpoint-cache hash table entries: 1024 (order: 1, 8192 bytes)
[    1.331671] Initializing cgroup subsys io
[    1.338445] Initializing cgroup subsys memory
[    1.345590] Initializing cgroup subsys devices
[    1.352744] Initializing cgroup subsys freezer
[    1.386606] Initializing cgroup subsys net_cls
[    1.414786] Initializing cgroup subsys perf_event
[    1.424953] Initializing cgroup subsys net_prio
[    1.433429] Initializing cgroup subsys hugetlb
[    1.441521] Initializing cgroup subsys pids
[    1.451200] mce: CPU supports 0 MCE banks
[    1.458712] Last level iTLB entries: 4KB 64, 2MB 8, 4MB 8
[    1.467927] Last level dTLB entries: 4KB 64, 2MB 0, 4MB 0, 1GB 4
[    1.479318] Spectre V1 : Mitigation: usercopy/swapgs barriers and __user pointer sanitization
[    1.494055] Spectre V2 : Mitigation: Full generic retpoline
[    1.503140] Spectre V2 : Spectre v2 / SpectreRSB mitigation: Filling RSB on context switch
[    1.589595] Speculative Store Bypass: Vulnerable
[    1.598187] MDS: Vulnerable: Clear CPU buffers attempted, no microcode
[    1.638337] Freeing SMP alternatives memory: 36K
[    1.705610] ftrace: allocating 32304 entries in 127 pages
[    2.016498] smpboot: APIC(0) Converting physical 0 to logical package 0
[    2.028133] smpboot: Max logical packages: 1
[    2.040208] x2apic enabled
[    2.054710] Switched APIC routing to physical x2apic.
[    2.067048] ..TIMER: vector=0x30 apic1=0 pin1=2 apic2=-1 pin2=-1
[    2.184127] smpboot: CPU0: Intel(R) Xeon(R) W-2145 CPU @ 3.70GHz (family: 0x6, model: 0x55, stepping: 0x4)
[    2.207122] Performance Events: unsupported p6 CPU model 85 no PMU driver, software events only.
[    2.284138] KVM setup paravirtual spinlock
[    2.291893] x86: Booting SMP configuration:
[    2.298648] .... node  #0, CPUs:      #1
[    2.307307] kvm-clock: cpu 1, msr 0:1ffe3041, secondary cpu clock
[    2.317690] mce: CPU supports 0 MCE banks
[    2.323987] x86: Booted up 1 node, 2 CPUs
[    2.331198] smpboot: Total of 2 processors activated (14784.12 BogoMIPS)
[    2.343210] devtmpfs: initialized
[    2.349062] evm: security.selinux
[    2.354325] evm: security.SMACK64
[    2.360207] evm: security.SMACK64EXEC
[    2.366133] evm: security.SMACK64TRANSMUTE
[    2.372548] evm: security.SMACK64MMAP
[    2.378510] evm: security.ima
[    2.383519] evm: security.capability
[    2.394215] clocksource: jiffies: mask: 0xffffffff max_cycles: 0xffffffff, max_idle_ns: 7645041785100000 ns
[    2.405538] futex hash table entries: 512 (order: 3, 32768 bytes)
[    2.414238] pinctrl core: initialized pinctrl subsystem
[    2.421696] RTC time: 13:20:04, date: 04/13/20
[    2.434593] NET: Registered protocol family 16
[    2.449051] cpuidle: using governor ladder
[    2.473657] cpuidle: using governor menu
[    2.480652] PCCT header not found.
[    2.487269] ACPI: bus type PCI registered
[    2.492298] acpiphp: ACPI Hot Plug PCI Controller Driver version: 0.5
[    2.503082] PCI: Using configuration type 1 for base access
[    2.527381] ACPI: Added _OSI(Module Device)
[    2.538439] ACPI: Added _OSI(Processor Device)
[    2.550777] ACPI: Added _OSI(3.0 _SCP Extensions)
[    2.559690] ACPI: Added _OSI(Processor Aggregator Device)
[    2.567659] ACPI: Executed 1 blocks of module-level executable AML code
[    2.579958] ACPI: Interpreter enabled
[    2.586270] ACPI: (supports S0 S5)
[    2.592223] ACPI: Using IOAPIC for interrupt routing
[    2.600522] PCI: Using host bridge windows from ACPI; if necessary, use "pci=nocrs" and report a bug
[    2.621926] ACPI: PCI Root Bridge [PCI0] (domain 0000 [bus 00-ff])
[    2.629723] acpi PNP0A03:00: _OSC: OS supports [ASPM ClockPM Segments MSI]
[    2.637561] acpi PNP0A03:00: _OSC: not requesting OS control; OS requires [ExtendedConfig ASPM ClockPM MSI]
[    2.648929] acpi PNP0A03:00: fail to add MMCONFIG information, can't access extended PCI configuration space under this bridge.
[    2.662973] PCI host bridge to bus 0000:00
[    2.669264] pci_bus 0000:00: root bus resource [io  0x0000-0x0cf7 window]
[    2.679204] pci_bus 0000:00: root bus resource [io  0x0d00-0xffff window]
[    2.689298] pci_bus 0000:00: root bus resource [mem 0x000a0000-0x000bffff window]
[    2.701653] pci_bus 0000:00: root bus resource [mem 0x20000000-0xffdfffff window]
[    2.712084] pci_bus 0000:00: root bus resource [bus 00-ff]
[    2.732801] pci 0000:00:01.1: legacy IDE quirk: reg 0x10: [io  0x01f0-0x01f7]
[    2.742954] pci 0000:00:01.1: legacy IDE quirk: reg 0x14: [io  0x03f6]
[    2.750476] pci 0000:00:01.1: legacy IDE quirk: reg 0x18: [io  0x0170-0x0177]
[    2.758469] pci 0000:00:01.1: legacy IDE quirk: reg 0x1c: [io  0x0376]
[    2.867341] pci 0000:00:07.0: quirk: [io  0x4000-0x403f] claimed by PIIX4 ACPI
[    2.876874] pci 0000:00:07.0: quirk: [io  0x4100-0x410f] claimed by PIIX4 SMB
[    2.923490] ACPI: PCI Interrupt Link [LNKA] (IRQs 5 9 10 *11)
[    2.937408] ACPI: PCI Interrupt Link [LNKB] (IRQs 5 9 10 *11)
[    2.950749] ACPI: PCI Interrupt Link [LNKC] (IRQs 5 9 *10 11)
[    2.964084] ACPI: PCI Interrupt Link [LNKD] (IRQs 5 *9 10 11)
[    2.977741] ACPI: Enabled 2 GPEs in block 00 to 07
[    2.990324] vgaarb: setting as boot device: PCI:0000:00:02.0
[    2.997443] vgaarb: device added: PCI:0000:00:02.0,decodes=io+mem,owns=io+mem,locks=none
[    3.007113] vgaarb: loaded
[    3.011535] vgaarb: bridge control possible 0000:00:02.0
[    3.020628] SCSI subsystem initialized
[    3.027405] ACPI: bus type USB registered
[    3.034274] usbcore: registered new interface driver usbfs
[    3.043046] usbcore: registered new interface driver hub
[    3.051290] usbcore: registered new device driver usb
[    3.060191] PCI: Using ACPI for IRQ routing
[    3.069280] NetLabel: Initializing
[    3.075296] NetLabel:  domain hash size = 128
[    3.082357] NetLabel:  protocols = UNLABELED CIPSOv4
[    3.089899] NetLabel:  unlabeled traffic allowed by default
[    3.096745] amd_nb: Cannot enumerate AMD northbridges
[    3.102906] clocksource: Switched to clocksource kvm-clock
[    3.118570] AppArmor: AppArmor Filesystem Enabled
[    3.124328] pnp: PnP ACPI init
[    3.130789] pnp: PnP ACPI: found 3 devices
[    3.158231] clocksource: acpi_pm: mask: 0xffffff max_cycles: 0xffffff, max_idle_ns: 2085701024 ns
[    3.170568] NET: Registered protocol family 2
[    3.177215] TCP established hash table entries: 4096 (order: 3, 32768 bytes)
[    3.185763] TCP bind hash table entries: 4096 (order: 4, 65536 bytes)
[    3.193733] TCP: Hash tables configured (established 4096 bind 4096)
[    3.201723] UDP hash table entries: 256 (order: 1, 8192 bytes)
[    3.208963] UDP-Lite hash table entries: 256 (order: 1, 8192 bytes)
[    3.216753] NET: Registered protocol family 1
[    3.222644] pci 0000:00:00.0: Limiting direct PCI/PCI transfers
[    3.230130] pci 0000:00:01.0: Activating ISA DMA hang workarounds
[    3.239140] Unpacking initramfs...
[    3.456698] Freeing initrd memory: 14876K
[    3.461976] clocksource: tsc: mask: 0xffffffffffffffff max_cycles: 0x6a8d5f7f782, max_idle_ns: 881591167036 ns
[    3.473486] platform rtc_cmos: registered platform RTC device (no PNP device found)
[    3.482822] Scanning for low memory corruption every 60 seconds
[    3.491043] audit: initializing netlink subsys (disabled)
[    3.499378] audit: type=2000 audit(1586784012.321:1): initialized
[    3.509530] Initialise system trusted keyring
[    3.516647] HugeTLB registered 2 MB page size, pre-allocated 0 pages
[    3.529046] zbud: loaded
[    3.540489] VFS: Disk quotas dquot_6.6.0
[    3.546993] VFS: Dquot-cache hash table entries: 512 (order 0, 4096 bytes)
[    3.557212] squashfs: version 4.0 (2009/01/31) Phillip Lougher
[    3.575501] fuse init (API version 7.23)
[    3.585667] Key type big_key registered
[    3.600963] Allocating IMA MOK and blacklist keyrings.
[    3.619025] Key type asymmetric registered
[    3.625400] Asymmetric key parser 'x509' registered
[    3.635258] Block layer SCSI generic (bsg) driver version 0.4 loaded (major 249)
[    3.645420] io scheduler noop registered
[    3.651719] io scheduler deadline registered (default)
[    3.657706] io scheduler cfq registered
[    3.662617] pci_hotplug: PCI Hot Plug PCI Core version: 0.5
[    3.672054] pciehp: PCI Express Hot Plug Controller Driver version: 0.4
[    3.681509] ACPI: AC Adapter [AC] (on-line)
[    3.686829] input: Power Button as /devices/LNXSYSTM:00/LNXPWRBN:00/input/input0
[    3.695837] ACPI: Power Button [PWRF]
[    3.702330] input: Sleep Button as /devices/LNXSYSTM:00/LNXSLPBN:00/input/input1
[    3.711406] ACPI: Sleep Button [SLPF]
[    3.717354] GHES: HEST is not enabled!
[    3.728006] Serial: 8250/16550 driver, 32 ports, IRQ sharing enabled
[    3.771072] 00:02: ttyS0 at I/O 0x3f8 (irq = 4, base_baud = 115200) is a 16550A
[    3.788423] Linux agpgart interface v0.103
[    3.799784] loop: module loaded
[    3.806362] scsi host0: ata_piix
[    3.812164] scsi host1: ata_piix
[    3.817229] ata1: PATA max UDMA/33 cmd 0x1f0 ctl 0x3f6 bmdma 0xd000 irq 14
[    3.826871] ata2: PATA max UDMA/33 cmd 0x170 ctl 0x376 bmdma 0xd008 irq 15
[    3.836627] libphy: Fixed MDIO Bus: probed
[    3.851536] tun: Universal TUN/TAP device driver, 1.6
[    3.865398] tun: (C) 1999-2004 Max Krasnyansky <maxk@qualcomm.com>
[    3.875737] PPP generic driver version 2.4.2
[    3.883774] ehci_hcd: USB 2.0 'Enhanced' Host Controller (EHCI) Driver
[    3.894140] ehci-pci: EHCI PCI platform driver
[    3.902318] ehci-platform: EHCI generic platform driver
[    3.911301] ohci_hcd: USB 1.1 'Open' Host Controller (OHCI) Driver
[    3.920304] ohci-pci: OHCI PCI platform driver
[    3.927617] ohci-platform: OHCI generic platform driver
[    3.935608] uhci_hcd: USB Universal Host Controller Interface driver
[    3.947423] i8042: PNP: PS/2 Controller [PNP0303:PS2K,PNP0f03:PS2M] at 0x60,0x64 irq 1,12
[    3.964592] serio: i8042 KBD port at 0x60,0x64 irq 1
[    3.978634] serio: i8042 AUX port at 0x60,0x64 irq 12
[    3.988033] mousedev: PS/2 mouse device common for all mice
[    3.999462] input: AT Translated Set 2 keyboard as /devices/platform/i8042/serio0/input/input2
[    4.009698] rtc_cmos rtc_cmos: rtc core: registered rtc_cmos as rtc0
[    4.010858] rtc_cmos rtc_cmos: alarms up to one day, 114 bytes nvram
[    4.010885] i2c /dev entries driver
[    4.011177] device-mapper: uevent: version 1.0.3
[    4.011619] device-mapper: ioctl: 4.34.0-ioctl (2015-10-28) initialised: dm-devel@redhat.com
[    4.011899] ledtrig-cpu: registered to indicate activity on CPUs
[    4.013284] NET: Registered protocol family 10
[    4.014311] NET: Registered protocol family 17
[    4.014333] Key type dns_resolver registered
[    4.014943] registered taskstats version 1
[    4.014998] Loading compiled-in X.509 certificates
[    4.016544] Loaded X.509 cert 'Build time autogenerated kernel key: a048edf52b07f04005c7780de0f875c713550332'
[    4.016582] zswap: loaded using pool lzo/zbud
[    4.020983] Key type trusted registered
[    4.026418] Key type encrypted registered
[    4.026446] AppArmor: AppArmor sha1 policy hashing enabled
[    4.026453] ima: No TPM chip found, activating TPM-bypass!
[    4.026464] ima: Allocated hash algorithm: sha1
[    4.026491] evm: HMAC attrs: 0x1
[    4.028031]   Magic number: 0:613:331
[    4.028057] tty tty52: hash matches
[    4.035629] rtc_cmos rtc_cmos: setting system clock to 2020-04-13 13:20:06 UTC (1586784006)
[    4.035777] BIOS EDD facility v0.16 2004-Jun-25, 0 devices found
[    4.035778] EDD information not available.
[    4.310296] Freeing unused kernel memory: 1488K
[    4.331052] Write protecting the kernel read-only data: 14336k
[    4.346748] Freeing unused kernel memory: 1604K
[    4.353182] Freeing unused kernel memory: 60K
Loading, please wait...
starting version 229
[    4.383418] random: systemd-udevd: uninitialized urandom read (16 bytes read, 5 bits of entropy available)
[    4.384638] random: udevadm: uninitialized urandom read (16 bytes read, 5 bits of entropy available)
[    4.384661] random: udevadm: uninitialized urandom read (16 bytes read, 5 bits of entropy available)
[    4.396533] random: udevadm: uninitialized urandom read (16 bytes read, 5 bits of entropy available)
[    4.396582] random: udevadm: uninitialized urandom read (16 bytes read, 5 bits of entropy available)
[    4.396741] random: udevadm: uninitialized urandom read (16 bytes read, 5 bits of entropy available)
[    4.396791] random: udevadm: uninitialized urandom read (16 bytes read, 5 bits of entropy available)
[    4.396841] random: udevadm: uninitialized urandom read (16 bytes read, 5 bits of entropy available)
[    4.396915] random: udevadm: uninitialized urandom read (16 bytes read, 5 bits of entropy available)
[    4.396963] random: udevadm: uninitialized urandom read (16 bytes read, 5 bits of entropy available)
[    4.677612] e1000: Intel(R) PRO/1000 Network Driver - version 7.3.21-k8-NAPI
[    4.691864] e1000: Copyright (c) 1999-2006 Intel Corporation.
[    4.717872] Fusion MPT base driver 3.04.20
[    4.730596] Copyright (c) 1999-2008 LSI Corporation
[    4.754944] Fusion MPT SPI Host driver 3.04.20
[    4.781548] AVX version of gcm_enc/dec engaged.
[    4.787268] AES CTR mode by8 optimization enabled
[    5.061080] input: ImExPS/2 Generic Explorer Mouse as /devices/platform/i8042/serio1/input/input4
[    5.421486] e1000 0000:00:03.0 eth0: (PCI:33MHz:32-bit) 02:ba:b8:ca:39:a3
[    5.428820] e1000 0000:00:03.0 eth0: Intel(R) PRO/1000 Network Connection
[    5.438095] mptbase: ioc0: Initiating bringup
[    5.442637] e1000 0000:00:03.0 enp0s3: renamed from eth0
[    5.516730] ioc0: LSI53C1030 A0: Capabilities={Initiator}
[    5.714160] scsi host2: ioc0: LSI53C1030 A0, FwRev=00000000h, Ports=1, MaxQ=256, IRQ=20
[    5.857019] scsi 2:0:0:0: Direct-Access     VBOX     HARDDISK         1.0  PQ: 0 ANSI: 5
[    5.866928] scsi target2:0:0: Beginning Domain Validation
[    5.881716] scsi target2:0:0: Domain Validation skipping write tests
[    5.889211] scsi target2:0:0: Ending Domain Validation
[    5.940439] scsi target2:0:0: asynchronous
[    5.970352] scsi 2:0:1:0: Direct-Access     VBOX     HARDDISK         1.0  PQ: 0 ANSI: 5
[    5.979938] scsi target2:0:1: Beginning Domain Validation
[    5.991933] scsi target2:0:1: Domain Validation skipping write tests
[    5.998269] scsi target2:0:1: Ending Domain Validation
[    6.004012] scsi target2:0:1: asynchronous
[    6.029411] sd 2:0:0:0: Attached scsi generic sg0 type 0
[    6.036188] sd 2:0:0:0: [sda] 20971520 512-byte logical blocks: (10.7 GB/10.0 GiB)
[    6.045791] sd 2:0:1:0: Attached scsi generic sg1 type 0
[    6.046483] sd 2:0:1:0: [sdb] 20480 512-byte logical blocks: (10.5 MB/10.0 MiB)
[    6.046945] sd 2:0:1:0: [sdb] Write Protect is off
[    6.047274] sd 2:0:1:0: [sdb] Incomplete mode parameter data
[    6.047275] sd 2:0:1:0: [sdb] Assuming drive cache: write through
[    6.053582] sd 2:0:0:0: [sda] Write Protect is off
[    6.054202] sd 2:0:0:0: [sda] Incomplete mode parameter data
[    6.054204] sd 2:0:0:0: [sda] Assuming drive cache: write through
[    6.059136]  sda: sda1
[    6.059195] sd 2:0:1:0: [sdb] Attached SCSI disk
[    6.060991] sd 2:0:0:0: [sda] Attached SCSI disk
Begin: Loading essential drivers[    8.916232] md: linear personality registered for level -1
 ... [    8.959633] md: multipath personality registered for level -4
[    8.972338] md: raid0 personality registered for level 0
[    9.012920] md: raid1 personality registered for level 1
[    9.094244] raid6: sse2x1   gen()  7589 MB/s
[    9.198926] raid6: sse2x1   xor()  7359 MB/s
[    9.276546] raid6: sse2x2   gen() 13487 MB/s
[    9.359028] raid6: sse2x2   xor()  5473 MB/s
[    9.446572] raid6: sse2x4   gen() 12429 MB/s
[    9.534532] raid6: sse2x4   xor()  9986 MB/s
[    9.542137] raid6: using algorithm sse2x2 gen() 13487 MB/s
[    9.549631] raid6: .... xor() 5473 MB/s, rmw enabled
[    9.601893] raid6: using ssse3x2 recovery algorithm
[    9.610996] xor: automatically using best checksumming function:
[    9.696476]    avx       : 62294.000 MB/sec
[    9.724247] async_tx: api initialized (async)
[    9.762344] md: raid6 personality registered for level 6
[    9.769416] md: raid5 personality registered for level 5
[    9.775815] md: raid4 personality registered for level 4
[    9.807543] md: raid10 personality registered for level 10
done.
Begin: Running /scripts/init-premount ... done.
Begin: Mounting root file system ... Begin: Running /scripts/local-top ... done.
Begin: Running /scripts/local-premount ... [    9.901278] Btrfs loaded
Scanning for Btrfs filesystems
done.
Warning: fsck not present, so skipping root file system
[    9.975745] EXT4-fs (sda1): mounted filesystem with ordered data mode. Opts: (null)
done.
Begin: Running /scripts/local-bottom ... done.
Begin: Running /scripts/init-bottom ... done.
[   10.253860] systemd[1]: systemd 229 running in system mode. (+PAM +AUDIT +SELINUX +IMA +APPARMOR +SMACK +SYSVINIT +UTMP +LIBCRYPTSETUP +GCRYPT +GNUTLS +ACL +XZ -LZ4 +SECCOMP +BLKID +ELFUTILS +KMOD -IDN)
[   10.275991] systemd[1]: Detected virtualization oracle.
[   10.282908] systemd[1]: Detected architecture x86-64.

Welcome to [1mUbuntu 16.04.6 LTS[0m!

[   10.301351] systemd[1]: Set hostname to <ubuntu>.
[   10.313055] systemd[1]: Initializing machine ID from random generator.
[   10.321780] systemd[1]: Installed transient /etc/machine-id file.
[   10.663682] systemd[1]: Set up automount Arbitrary Executable File Formats File System Automount Point.
[[0;32m  OK  [0m] Set up automount Arbitrary Executab...ats File System Automount Point.
[   10.688380] systemd[1]: Listening on Journal Socket (/dev/log).
[[0;32m  OK  [0m] Listening on Journal Socket (/dev/log).
[   10.708020] systemd[1]: Reached target System Time Synchronized.
[[0;32m  OK  [0m] Reached target System Time Synchronized.
[   10.727595] systemd[1]: Reached target Encrypted Volumes.
[[0;32m  OK  [0m] Reached target Encrypted Volumes.
[   10.756834] systemd[1]: Started Forward Password Requests to Wall Directory Watch.
[[0;32m  OK  [0m] Started Forward Password Requests to Wall Directory Watch.
[   10.776972] systemd[1]: Listening on udev Control Socket.
[[0;32m  OK  [0m] Listening on udev Control Socket.
[   10.791406] systemd[1]: Started Trigger resolvconf update for networkd DNS.
[[0;32m  OK  [0m] Started Trigger resolvconf update for networkd DNS.
[   10.832327] systemd[1]: Listening on udev Kernel Socket.
[[0;32m  OK  [0m] Listening on udev Kernel Socket.
[   10.850391] systemd[1]: Created slice User and Session Slice.
[[0;32m  OK  [0m] Created slice User and Session Slice.
[   10.869481] systemd[1]: Listening on LVM2 poll daemon socket.
[[0;32m  OK  [0m] Listening on LVM2 poll daemon socket.
[   10.895617] systemd[1]: Listening on Syslog Socket.
[[0;32m  OK  [0m] Listening on Syslog Socket.
[   10.913976] systemd[1]: Listening on Journal Socket.
[[0;32m  OK  [0m] Listening on Journal Socket.
[   10.935979] systemd[1]: Reached target Swap.
[[0;32m  OK  [0m] Reached target Swap.
[   10.956388] systemd[1]: Listening on Device-mapper event daemon FIFOs.
[[0;32m  OK  [0m] Listening on Device-mapper event daemon FIFOs.
[   10.978924] systemd[1]: Reached target User and Group Name Lookups.
[[0;32m  OK  [0m] Reached target User and Group Name Lookups.
[   11.005984] systemd[1]: Created slice System Slice.
[[0;32m  OK  [0m] Created slice System Slice.
[   11.035308] systemd[1]: Starting Remount Root and Kernel File Systems...
[   11.043650] random: nonblocking pool is initialized
         Starting Remount Root and Kernel File Systems...
[   11.056256] systemd[1]: Mounting Huge Pages File System...
[   11.059750] EXT4-fs (sda1): re-mounted. Opts: (null)
         Mounting Huge Pages File System...
[   11.083292] systemd[1]: Starting Set console keymap...
         Starting Set console keymap...
[   11.100043] systemd[1]: Mounting POSIX Message Queue File System...
         Mounting POSIX Message Queue File System...
[   11.114654] systemd[1]: Mounting Debug File System...
         Mounting Debug File System...
[   11.129478] systemd[1]: Starting Load Kernel Modules...
         Starting Load Kernel Modules...
[   11.142480] systemd[1]: Starting Uncomplicated firewall...
[   11.162932] Loading iSCSI transport class v2.0-870.
         Starting Uncomplicated firewall...
[   11.172861] systemd[1]: Starting Create list of required static device nodes for the current kernel...
         Starting Create list of required st... nodes for the current kernel...
[   11.198123] systemd[1]: Reached target Slices.
[   11.204267] iscsi: registered transport (tcp)
[[0;32m  OK  [0m] Reached target Slices.
[   11.215057] systemd[1]: Listening on Journal Audit Socket.
[[0;32m  OK  [0m] Listening on Journal Audit Socket.
[   11.228115] systemd[1]: Listening on LVM2 metadata daemon socket.
[[0;32m  OK  [0m] Listening on LVM2 metadata daemon socket.
[   11.255519] systemd[1]: Starting Monitoring of LVM2 mirrors, snapshots etc. using dmeventd or progress polling...
         Starting Monitoring of LVM2 mirrors... dmeventd or progress polling...
[   11.303554] systemd[1]: Listening on /dev/initctl Compatibility Named Pipe.
[[0;32m  OK  [0m] Listening on /dev/initctl Compatibility Named Pipe.
[   11.320812] systemd[1]: Starting Nameserver information manager...
         Starting Nameserver information manager...
[   11.340496] systemd[1]: Starting Journal Service...
         Starting Journal Service...
[   11.362810] iscsi: registered transport (iser)
[   11.367110] systemd[1]: Created slice system-serial\x2dgetty.slice.
[[0;32m  OK  [0m] Created slice system-serial\x2dgetty.slice.
[   11.405463] systemd[1]: Mounted Huge Pages File System.
[[0;32m  OK  [0m] Mounted Huge Pages File System.
[   11.428454] systemd[1]: Mounted Debug File System.
[[0;32m  OK  [0m] Mounted Debug File System.
[   11.455692] systemd[1]: Mounted POSIX Message Queue File System.
[[0;32m  OK  [0m] Mounted POSIX Message Queue File System.
[   11.479293] systemd[1]: Started Journal Service.
[[0;32m  OK  [0m] Started Journal Service.
[[0;32m  OK  [0m] Started Remount Root and Kernel File Systems.
[[0;32m  OK  [0m] Started Set console keymap.
[[0;32m  OK  [0m] Started Load Kernel Modules.
[[0;32m  OK  [0m] Started Uncomplicated firewall.
[[0;32m  OK  [0m] Started Create list of required sta...ce nodes for the current kernel.
[[0;32m  OK  [0m] Started LVM2 metadata daemon.
         Starting Create Static Device Nodes in /dev...
         Starting Apply Kernel Variables...
         Mounting FUSE Control File System...
         Starting udev Coldplug all Devices...
         Starting Load/Save Random Seed...
         Starting Flush Journal to Persistent Storage...
[[0;32m  OK  [0m] Mounted FUSE Control File System.
[[0;32m  OK  [0m] Started Nameserver information manager.
[[0;32m  OK  [0m] Started Create Static Device Nodes in /dev.
[[0;32m  OK  [0m] Started Apply Kernel Variables.
[[0;32m  OK  [0m] Started Load/Save Random Seed.
         Starting udev Kernel Device Manager...
[[0;32m  OK  [0m] Started Flush Journal to Persistent Storage.
[[0;32m  OK  [0m] Started Monitoring of LVM2 mirrors,...ng dmeventd or progress polling.
[[0;32m  OK  [0m] Started udev Coldplug all Devices.
[[0;32m  OK  [0m] Reached target Local File Systems (Pre).
[[0;32m  OK  [0m] Reached target Local File Systems.
         Starting Commit a transient machine-id on disk...
         Starting Tell Plymouth To Write Out Runtime Data...
         Starting Initial cloud-init job (pre-networking)...
         Starting Set console font and keymap...
         Starting LSB: AppArmor initialization...
         Starting Create Volatile Files and Directories...
[[0;32m  OK  [0m] Started Tell Plymouth To Write Out Runtime Data.
[[0;32m  OK  [0m] Started Create Volatile Files and Directories.
[[0;32m  OK  [0m] Started Commit a transient machine-id on disk.
         Starting Update UTMP about System Boot/Shutdown...
[[0;32m  OK  [0m] Started udev Kernel Device Manager.
[[0;32m  OK  [0m] Started Dispatch Password Requests to Console Directory Watch.
[[0;32m  OK  [0m] Started Update UTMP about System Boot/Shutdown.
[[0;32m  OK  [0m] Found device /dev/ttyS0.
[[0;32m  OK  [0m] Listening on Load/Save RF Kill Switch Status /dev/rfkill Watch.
[[0;32m  OK  [0m] Started LSB: AppArmor initialization.
[   11.488852] cloud-init[468]: Cloud-init v. 19.4-33-gbb4131a2-0ubuntu1~16.04.1 running 'init-local' at Mon, 13 Apr 2020 13:20:15 +0000. Up 11.13 seconds.
[[0;32m  OK  [0m] Started Initial cloud-init job (pre-networking).
[[0;32m  OK  [0m] Reached target Network (Pre).
         Starting Raise network interfaces...
[[0;32m  OK  [0m] Started Set console font and keymap.
[[0;32m  OK  [0m] Created slice system-getty.slice.
[[0;32m  OK  [0m] Started Raise network interfaces.
[[0;32m  OK  [0m] Reached target Network.
         Starting Initial cloud-init job (metadata service crawler)...
[   16.818152] cloud-init[946]: Cloud-init v. 19.4-33-gbb4131a2-0ubuntu1~16.04.1 running 'init' at Mon, 13 Apr 2020 13:20:20 +0000. Up 15.63 seconds.
[   16.830301] cloud-init[946]: ci-info: ++++++++++++++++++++++++++++++++++++++Net device info++++++++++++++++++++++++++++++++++++++
[   16.842379] cloud-init[946]: ci-info: +--------+------+----------------------------+---------------+--------+-------------------+
[   16.854568] cloud-init[946]: ci-info: | Device |  Up  |          Address           |      Mask     | Scope  |     Hw-Address    |
[   16.872961] cloud-init[946]: ci-info: +--------+------+----------------------------+---------------+--------+-------------------+
[   16.884996] cloud-init[946]: ci-info: | enp0s3 | True |         10.0.2.15          | 255.255.255.0 | global | 02:ba:b8:ca:39:a3 |
[   16.897199] cloud-init[946]: ci-info: | enp0s3 | True | fe80::ba:b8ff:feca:39a3/64 |       .       |  link  | 02:ba:b8:ca:39:a3 |
[   16.910091] cloud-init[946]: ci-info: |   lo   | True |         127.0.0.1          |   255.0.0.0   |  host  |         .         |
[   16.925873] cloud-init[946]: ci-info: |   lo   | True |          ::1/128           |       .       |  host  |         .         |
[   16.948015] cloud-init[946]: ci-info: +--------+------+----------------------------+---------------+--------+-------------------+
[   16.962389] cloud-init[946]: ci-info: +++++++++++++++++++++++++++Route IPv4 info++++++++++++++++++++++++++++
[   16.973141] cloud-init[946]: ci-info: +-------+-------------+----------+---------------+-----------+-------+
[   16.985080] cloud-init[946]: ci-info: | Route | Destination | Gateway  |    Genmask    | Interface | Flags |
[   16.995845] cloud-init[946]: ci-info: +-------+-------------+----------+---------------+-----------+-------+
[   17.006260] cloud-init[946]: ci-info: |   0   |   0.0.0.0   | 10.0.2.2 |    0.0.0.0    |   enp0s3  |   UG  |
[   17.016866] cloud-init[946]: ci-info: |   1   |   10.0.2.0  | 0.0.0.0  | 255.255.255.0 |   enp0s3  |   U   |
[   17.025557] cloud-init[946]: ci-info: +-------+-------------+----------+---------------+-----------+-------+
[   17.036943] cloud-init[946]: ci-info: +++++++++++++++++++Route IPv6 info+++++++++++++++++++
[   17.045748] cloud-init[946]: ci-info: +-------+-------------+---------+-----------+-------+
[   17.054241] cloud-init[946]: ci-info: | Route | Destination | Gateway | Interface | Flags |
[   17.063228] cloud-init[946]: ci-info: +-------+-------------+---------+-----------+-------+
[   17.072689] cloud-init[946]: ci-info: |   0   |  fe80::/64  |    ::   |   enp0s3  |   U   |
[   17.081359] cloud-init[946]: ci-info: |   3   |   ff00::/8  |    ::   |   enp0s3  |   U   |
[   17.090006] cloud-init[946]: ci-info: +-------+-------------+---------+-----------+-------+
[   17.097801] cloud-init[946]: Generating public/private rsa key pair.
[   17.105673] cloud-init[946]: Your identification has been saved in /etc/ssh/ssh_host_rsa_key.
[   17.115371] cloud-init[946]: Your public key has been saved in /etc/ssh/ssh_host_rsa_key.pub.
[   17.126039] cloud-init[946]: The key fingerprint is:
[[0;32m  OK  [0m] Started Initial cloud-init job (metadata service crawler).
[   17.135293] cloud-init[946]: SHA256:NVPw44uxzILiEjP0uQa06iKrqY4C65zFTd2pru5S2Uo root@ubuntu-xenial
[[0;32m  OK  [0m] Reached target System Initialization.
[   17.162239] [[0;32m  OK  [0m] Listening on ACPID Listen Socket.
[[0;32m  OK  [0m] Started Daily Cleanup of Temporary Directories.
         Starting Socket activation for snappy daemon.
cloud-init[[0;32m  OK  [0m] Started Daily apt download activities.
[[0;32m  OK  [0m] Listening on D-Bus System Message Bus Socket.
[946]: The key's randomart image is:[[0;32m  OK  [0m] Started ACPI Events Check.
[[0;32m  OK  [0m] Reached target Paths.
[[0;32m  OK  [0m] Started Message of the Day.
[[0;32m  OK  [0m] Listening on UUID daemon activation socket.

[   17.208393] [[0;32m  OK  [0mcloud-init[946]: +---[RSA 2048]----+
[   17.212959] cloud-init[946]: |          ...    |
[   17.213005] cloud-init[946]: |           o     |
[   17.213034] cloud-init[946]: |          + o    |
[   17.213069] cloud-init[946]: |  o   . ...+ .   |
[   17.213092] cloud-init[946]: | o o oo.So. .    |
[   17.213130] cloud-init[946]: |. B =E o.o + .   |
[   17.213158] cloud-init[946]: |.o B+oo.. = .    |
[   17.213196] cloud-init[946]: |O.+ooo.  .       |
[   17.213219] cloud-init[946]: |/B o=+..         |
] Started Daily apt upgrade and clean activities.
[   17.213268] [[0;32m  OK  [0m] Reached target Timers.
cloud-init[946]: +----[SHA256]-----+
         Starting LXD - unix socket.
[[0;32m  OK  [0m] Reached target Network is Online.
[   17.277924] cloud-init[946]: Generating public/private dsa key pair.
[   17.297765] cloud-init[946]: Your identification has been saved in /etc/ssh/ssh_host_dsa_key.
         Starting iSCSI initiator daemon (iscsid)...
[   17.313329] cloud-init[946]: Your public key has been saved in /etc/ssh/ssh_host_dsa_key.pub.
[   17.323409] cloud-init[946]: The key fingerprint is:
[   17.325983] cloud-init[946]: SHA256:K5fyOawBQq8VKQjDARlMDXIUiyZR1jSRYNNxlXIaSO8 root@ubuntu-xenial
[   17.331137] cloud-init[946]: The key's randomart image is:
[[0;32m  OK  [0m] Reached target Cloud-config availability.
[[0;32m  OK  [0m] Listening on Socket activation for snappy daemon.
[[0;32m  OK  [0m] Listening on LXD - unix socket.
[   17.345543] cloud-init[946]: +---[DSA 1024]----+
[   17.382044] cloud-init[946]: |%O&B*=....       |
[   17.383612] cloud-init[946]: |+@ +==o o        |
[   17.388154] cloud-init[946]: |+.+ o .=         |
[   17.389039] cloud-init[946]: |o. o o.          |
[   17.390814] cloud-init[946]: |  . + E S        |
[   17.390849] cloud-init[946]: |   + .   o       |
[[0;32m  OK  [0m] Reached target Sockets.
[   17.390874] cloud-init[946]: |  .   +.+        |
[   17.423286] cloud-init[946]: |       *o.       |
[   17.424880] cloud-init[946]: |      ..o.       |
[   17.425699] cloud-init[946]: +----[SHA256]-----+
[   17.425731] cloud-init[946]: Generating public/private ecdsa key pair.
[   17.426542] cloud-init[946]: Your identification has been saved in /etc/ssh/ssh_host_ecdsa_key.
[   17.426575] cloud-init[946]: Your public key has been saved in /etc/ssh/ssh_host_ecdsa_key.pub.
[   17.427391] cloud-init[946]: The key fingerprint is:
[   17.427422] cloud-init[946]: SHA256:dmbAvKOQTkq/twGqmLGzhg9KwH/Uyx20hoYnY6YvoKk root@ubuntu-xenial
[   17.429323] cloud-init[946]: The key's randomart image is:
[   17.430153] cloud-init[946]: +---[ECDSA 256]---+
[   17.430183] cloud-init[946]: |                 |
[   17.435592] cloud-init[946]: |       o         |
[   17.435637] cloud-init[946]: |        +.       |
[[0;32m  OK  [0m] Reached target Basic System.
[   17.435667] cloud-init[946]: |.    .o oo.      |
[   17.514266] cloud-init[946]: |... =B =S++      |
[   17.525244] cloud-init[946]: |.o.*=o*o+=.      |
[   17.533148] cloud-init[946]: |=o+oo.oo .       |
         [   17.541176] cloud-init[946]: |OB .o...         |
[   17.545599] cloud-init[946]: |E+. oo..         |
[   17.548612] cloud-init[946]: +----[SHA256]-----+
[   17.550735] cloud-init[946]: Generating public/private ed25519 key pair.
[   17.553567] cloud-init[946]: Your identification has been saved in /etc/ssh/ssh_host_ed25519_key.
[   17.554465] cloud-init[946]: Your public key has been saved in /etc/ssh/ssh_host_ed25519_key.pub.
[   17.557239] cloud-init[946]: The key fingerprint is:
[   17.559032] cloud-init[946]: SHA256:f4o71s/IRSvSlG42jxNefDgg1mY1DBxE4/EHVrHmblk root@ubuntu-xenial
[   17.561850] cloud-init[946]: The key's randomart image is:
[   17.561881] cloud-init[946]: +--[ED25519 256]--+
[   17.561905] cloud-init[946]: |         +B+o.o. |
Starting /etc/rc.local Compatibility...
[   17.561934] cloud-init[946]: |         ..=+. . |
[[0;32m  OK  [0m] Started D-Bus System Message Bus.
[   17.599270] cloud-init[946]: |         .....+  |
[   17.622805] cloud-init[946]: |        o =. +   |
[   17.635696] cloud-init[946]: |       .S+oo... E|
[   17.654697] cloud-init[946]: |         =..=o.o |
[   17.666164] cloud-init[946]: |        .oOo+o+  |
[   17.673762] cloud-init[946]: |        o*+@ .   |
[   17.675913] cloud-init[946]: |       .oo=o+    |
[   17.678114] cloud-init[946]: +----[SHA256]-----+
[[0;32m  OK  [0m] Started Regular background program processing daemon.
[[0;32m  OK  [0m] Started ACPI event daemon.
         Starting LXD - container startup/shutdown...
         Starting Login Service...
[[0;32m  OK  [0m] Started FUSE filesystem for LXC.
         Starting System Logging Service...
         Starting Accounts Service...
         Starting LSB: Record successful boot for GRUB...
[[0;32m  OK  [0m] Started Deferred execution scheduler.
         Starting Virtualbox guest utils...
         Starting LSB: MD monitoring daemon...
         Starting Pollinate to seed the pseudo random number generator...
         Starting Snappy daemon...
[[0;32m  OK  [0m] Started System Logging Service.
[[0;32m  OK  [0m] Started /etc/rc.local Compatibility.
[[0;32m  OK  [0m] Started iSCSI initiator daemon (iscsid).
         Starting Login to default iSCSI targets...
[[0;32m  OK  [0m] Started Login Service.
[[0;32m  OK  [0m] Started LSB: Record successful boot for GRUB.
[[0;32m  OK  [0m] Started LSB: MD monitoring daemon.
         Starting Authenticate and Authorize Users to Run Privileged Tasks...
[[0;32m  OK  [0m] Started Unattended Upgrades Shutdown.
[[0;32m  OK  [0m] Started Authenticate and Authorize Users to Run Privileged Tasks.
[[0;32m  OK  [0m] Started Accounts Service.
[[0;32m  OK  [0m] Started Login to default iSCSI targets.
[[0;32m  OK  [0m] Started Virtualbox guest utils.
[[0;32m  OK  [0m] Reached target Remote File Systems (Pre).
[[0;32m  OK  [0m] Reached target Remote File Systems.
         Starting LSB: automatic crash report generation...
         Starting LSB: Set the CPU Frequency Scaling governor to "ondemand"...
         Starting LSB: daemon to balance interrupts for SMP systems...
         Starting Permit User Sessions...
[[0;32m  OK  [0m] Started LXD - container startup/shutdown.
[[0;32m  OK  [0m] Started Permit User Sessions.
         Starting Hold until boot process finishes up...
         Starting Terminate Plymouth Boot Screen...
[[0;32m  OK  [0m] Started LSB: automatic crash report generation.
[[0;32m  OK  [0m] Started LSB: daemon to balance interrupts for SMP systems.
[[0;32m  OK  [0m] Started Hold until boot process finishes up.
[[0;32m  OK  [0m] Started Terminate Plymouth Boot Screen.
         Starting Set console scheme...
[[0;32m  OK  [0m] Started Serial Getty on ttyS0.
[[0;32m  OK  [0m] Started Getty on tty1.
[[0;32m  OK  [0m] Reached target Login Prompts.
[[0;32m  OK  [0m] Started LSB: Set the CPU Frequency Scaling governor to "ondemand".
[[0;32m  OK  [0m] Started Pollinate to seed the pseudo random number generator.
[[0;32m  OK  [0m] Started Set console scheme.
[[0;32m  OK  [0m] Started Snappy daemon.
         Starting Wait until snapd is fully seeded...
         Starting OpenBSD Secure Shell server...
[[0;32m  OK  [0m] Started OpenBSD Secure Shell server.
[[0;32m  OK  [0m] Started Wait until snapd is fully seeded.
         Starting Apply the settings specified in cloud-config...
[[0;32m  OK  [0m] Reached target Multi-User System.
[[0;32m  OK  [0m] Reached target Graphical Interface.
         Starting Update UTMP about System Runlevel Changes...
[[0;32m  OK  [0m] Started Update UTMP about System Runlevel Changes.
[   20.037840] cloud-init[1300]: Generating locales (this might take a while)...
[   20.750561] cloud-init[1300]:   en_US.UTF-8... done
[   20.765390] cloud-init[1300]: Generation complete.
[   21.138222] cloud-init[1300]: Cloud-init v. 19.4-33-gbb4131a2-0ubuntu1~16.04.1 running 'modules:config' at Mon, 13 Apr 2020 13:20:24 +0000. Up 19.93 seconds.
[[0;32m  OK  [0m] Started Apply the settings specified in cloud-config.
         Starting Execute cloud user/final scripts...
ci-info: no authorized SSH keys fingerprints found for user ubuntu.
<14>Apr 13 13:20:26 ec2: 
<14>Apr 13 13:20:26 ec2: #############################################################
<14>Apr 13 13:20:26 ec2: -----BEGIN SSH HOST KEY FINGERPRINTS-----
<14>Apr 13 13:20:26 ec2: 1024 SHA256:K5fyOawBQq8VKQjDARlMDXIUiyZR1jSRYNNxlXIaSO8 root@ubuntu-xenial (DSA)
<14>Apr 13 13:20:26 ec2: 256 SHA256:dmbAvKOQTkq/twGqmLGzhg9KwH/Uyx20hoYnY6YvoKk root@ubuntu-xenial (ECDSA)
<14>Apr 13 13:20:26 ec2: 256 SHA256:f4o71s/IRSvSlG42jxNefDgg1mY1DBxE4/EHVrHmblk root@ubuntu-xenial (ED25519)
<14>Apr 13 13:20:26 ec2: 2048 SHA256:NVPw44uxzILiEjP0uQa06iKrqY4C65zFTd2pru5S2Uo root@ubuntu-xenial (RSA)
<14>Apr 13 13:20:26 ec2: -----END SSH HOST KEY FINGERPRINTS-----
<14>Apr 13 13:20:26 ec2: #############################################################
-----BEGIN SSH HOST KEY KEYS-----
ecdsa-sha2-nistp256 AAAAE2VjZHNhLXNoYTItbmlzdHAyNTYAAAAIbmlzdHAyNTYAAABBBBuuBfkUHq5CojFh+IV8XuqSitQVxW5Yw8z8RnO8bIIdCqttlV7kRsViHdRlDQSX0KoLQl3aTtiIN6pGVwhh/uk= root@ubuntu-xenial
ssh-ed25519 AAAAC3NzaC1lZDI1NTE5AAAAICgd5fwQx3Sff8yMwBPFjo77KbuxjZl+4hP3QzI/zmBA root@ubuntu-xenial
ssh-rsa AAAAB3NzaC1yc2EAAAADAQABAAABAQC+IwPKztXHIPO80fleY2LVb/QbCQ9tt/8N1BH8NPXLVJ820Xl+1AiSgYmc7YfOiPejuvSEOGi5ISyuZs9FmGAFfD2nDpr4imjMap/x50B0xFTI6xHKA544Oc9Ueemjwibb6ianrlP8hrekymgBL7pKDl1EX9JS+ZxI3LHzFH4rbe1BHx6WPYH+bVmlzda6QIJRFCYE7hP8Hsp9NWrW+nq6Ey1CZwvFHmAFhtBC5ZGZ74swArPFSKTAlr6STeDhXJiqxJU1hmPfrRE+C8D/D5XDwNtJkiN9I2sdoIfUFXdhy4GL9r4iupzmaYD//rvpFVqYk+g2+/3+/UY+szGGnYvJ root@ubuntu-xenial
-----END SSH HOST KEY KEYS-----
[   21.768514] cloud-init[1342]: Cloud-init v. 19.4-33-gbb4131a2-0ubuntu1~16.04.1 running 'modules:final' at Mon, 13 Apr 2020 13:20:26 +0000. Up 21.53 seconds.
[   21.784023] cloud-init[1342]: ci-info: no authorized SSH keys fingerprints found for user ubuntu.
[   21.798470] cloud-init[1342]: Cloud-init v. 19.4-33-gbb4131a2-0ubuntu1~16.04.1 finished at Mon, 13 Apr 2020 13:20:26 +0000. Datasource DataSourceNoCloud [seed=/dev/sdb][dsmode=net].  Up 21.76 seconds
[[0;32m  OK  [0m] Started Execute cloud user/final scripts.
[[0;32m  OK  [0m] Reached target Cloud-init target.

Ubuntu 16.04.6 LTS ubuntu-xenial ttyS0

ubuntu-xenial login: 